mode: atomic
github.com/modelpack/model-csi-driver/pkg/client/grpc.go:31.74,45.11 2 0
github.com/modelpack/model-csi-driver/pkg/client/grpc.go:45.11,48.4 2 0
github.com/modelpack/model-csi-driver/pkg/client/grpc.go:50.2,50.16 1 0
github.com/modelpack/model-csi-driver/pkg/client/grpc.go:50.16,52.3 1 0
github.com/modelpack/model-csi-driver/pkg/client/grpc.go:54.2,57.8 1 0
github.com/modelpack/model-csi-driver/pkg/client/grpc.go:60.36,61.19 1 0
github.com/modelpack/model-csi-driver/pkg/client/grpc.go:61.19,62.40 1 0
github.com/modelpack/model-csi-driver/pkg/client/grpc.go:62.40,64.4 1 0
github.com/modelpack/model-csi-driver/pkg/client/grpc.go:66.2,66.12 1 0
github.com/modelpack/model-csi-driver/pkg/client/grpc.go:69.140,75.16 3 0
github.com/modelpack/model-csi-driver/pkg/client/grpc.go:75.16,77.3 1 0
github.com/modelpack/model-csi-driver/pkg/client/grpc.go:78.2,78.18 1 0
github.com/modelpack/model-csi-driver/pkg/client/grpc.go:81.108,86.16 3 0
github.com/modelpack/model-csi-driver/pkg/client/grpc.go:86.16,88.3 1 0
github.com/modelpack/model-csi-driver/pkg/client/grpc.go:89.2,89.18 1 0
github.com/modelpack/model-csi-driver/pkg/client/grpc.go:92.126,98.16 3 0
github.com/modelpack/model-csi-driver/pkg/client/grpc.go:98.16,100.3 1 0
github.com/modelpack/model-csi-driver/pkg/client/grpc.go:101.2,101.18 1 0
github.com/modelpack/model-csi-driver/pkg/client/grpc.go:104.130,110.16 3 0
github.com/modelpack/model-csi-driver/pkg/client/grpc.go:110.16,112.3 1 0
github.com/modelpack/model-csi-driver/pkg/client/grpc.go:113.2,113.18 1 0
github.com/modelpack/model-csi-driver/pkg/client/grpc.go:116.149,125.16 3 0
github.com/modelpack/model-csi-driver/pkg/client/grpc.go:125.16,127.3 1 0
github.com/modelpack/model-csi-driver/pkg/client/grpc.go:128.2,128.18 1 0
github.com/modelpack/model-csi-driver/pkg/client/http.go:23.54,25.16 2 0
github.com/modelpack/model-csi-driver/pkg/client/http.go:25.16,27.3 1 0
github.com/modelpack/model-csi-driver/pkg/client/http.go:29.2,31.16 3 0
github.com/modelpack/model-csi-driver/pkg/client/http.go:31.16,33.3 1 0
github.com/modelpack/model-csi-driver/pkg/client/http.go:35.2,37.72 1 0
github.com/modelpack/model-csi-driver/pkg/client/http.go:37.72,39.5 1 0
github.com/modelpack/model-csi-driver/pkg/client/http.go:43.2,46.8 1 0
github.com/modelpack/model-csi-driver/pkg/client/http.go:49.157,51.17 2 0
github.com/modelpack/model-csi-driver/pkg/client/http.go:51.17,54.17 3 0
github.com/modelpack/model-csi-driver/pkg/client/http.go:54.17,56.4 1 0
github.com/modelpack/model-csi-driver/pkg/client/http.go:59.2,61.26 3 0
github.com/modelpack/model-csi-driver/pkg/client/http.go:61.26,65.3 3 0
github.com/modelpack/model-csi-driver/pkg/client/http.go:67.2,68.16 2 0
github.com/modelpack/model-csi-driver/pkg/client/http.go:68.16,70.3 1 0
github.com/modelpack/model-csi-driver/pkg/client/http.go:71.2,74.16 3 0
github.com/modelpack/model-csi-driver/pkg/client/http.go:74.16,76.3 1 0
github.com/modelpack/model-csi-driver/pkg/client/http.go:77.2,77.15 1 0
github.com/modelpack/model-csi-driver/pkg/client/http.go:77.15,77.40 1 0
github.com/modelpack/model-csi-driver/pkg/client/http.go:79.2,79.46 1 0
github.com/modelpack/model-csi-driver/pkg/client/http.go:79.46,81.17 2 0
github.com/modelpack/model-csi-driver/pkg/client/http.go:81.17,83.4 1 0
github.com/modelpack/model-csi-driver/pkg/client/http.go:84.3,84.38 1 0
github.com/modelpack/model-csi-driver/pkg/client/http.go:87.2,87.69 1 0
github.com/modelpack/model-csi-driver/pkg/client/http.go:87.69,89.3 1 0
github.com/modelpack/model-csi-driver/pkg/client/http.go:91.2,92.16 2 0
github.com/modelpack/model-csi-driver/pkg/client/http.go:92.16,94.3 1 0
github.com/modelpack/model-csi-driver/pkg/client/http.go:96.2,96.16 1 0
github.com/modelpack/model-csi-driver/pkg/client/http.go:96.16,97.51 1 0
github.com/modelpack/model-csi-driver/pkg/client/http.go:97.51,99.4 1 0
github.com/modelpack/model-csi-driver/pkg/client/http.go:102.2,102.18 1 0
github.com/modelpack/model-csi-driver/pkg/client/http.go:105.54,107.16 2 0
github.com/modelpack/model-csi-driver/pkg/client/http.go:107.16,109.3 1 0
github.com/modelpack/model-csi-driver/pkg/client/http.go:110.2,110.38 1 0
github.com/modelpack/model-csi-driver/pkg/client/request.go:12.144,27.16 3 0
github.com/modelpack/model-csi-driver/pkg/client/request.go:27.16,29.3 1 0
github.com/modelpack/model-csi-driver/pkg/client/request.go:31.2,31.24 1 0
github.com/modelpack/model-csi-driver/pkg/client/request.go:34.109,43.16 2 0
github.com/modelpack/model-csi-driver/pkg/client/request.go:43.16,45.3 1 0
github.com/modelpack/model-csi-driver/pkg/client/request.go:47.2,47.24 1 0
github.com/modelpack/model-csi-driver/pkg/client/request.go:50.94,58.16 1 0
github.com/modelpack/model-csi-driver/pkg/client/request.go:58.16,60.3 1 0
github.com/modelpack/model-csi-driver/pkg/client/request.go:62.2,62.12 1 0
github.com/modelpack/model-csi-driver/pkg/client/request.go:65.103,75.16 2 0
github.com/modelpack/model-csi-driver/pkg/client/request.go:75.16,77.3 1 0
github.com/modelpack/model-csi-driver/pkg/client/request.go:79.2,79.24 1 0
github.com/modelpack/model-csi-driver/pkg/config/auth/docker.go:26.48,30.2 3 0
github.com/modelpack/model-csi-driver/pkg/config/auth/docker.go:32.68,37.2 4 0
github.com/modelpack/model-csi-driver/pkg/config/auth/docker.go:55.70,56.35 1 0
github.com/modelpack/model-csi-driver/pkg/config/auth/docker.go:56.35,58.3 1 0
github.com/modelpack/model-csi-driver/pkg/config/auth/docker.go:59.2,60.9 2 0
github.com/modelpack/model-csi-driver/pkg/config/auth/docker.go:60.9,62.3 1 0
github.com/modelpack/model-csi-driver/pkg/config/auth/docker.go:63.2,63.20 1 0
github.com/modelpack/model-csi-driver/pkg/config/auth/docker.go:66.57,67.19 1 0
github.com/modelpack/model-csi-driver/pkg/config/auth/docker.go:67.19,69.3 1 0
github.com/modelpack/model-csi-driver/pkg/config/auth/docker.go:71.2,75.16 5 0
github.com/modelpack/model-csi-driver/pkg/config/auth/docker.go:75.16,77.3 1 0
github.com/modelpack/model-csi-driver/pkg/config/auth/docker.go:78.2,78.16 1 0
github.com/modelpack/model-csi-driver/pkg/config/auth/docker.go:78.16,80.3 1 0
github.com/modelpack/model-csi-driver/pkg/config/auth/docker.go:81.2,82.27 2 0
github.com/modelpack/model-csi-driver/pkg/config/auth/docker.go:82.27,84.3 1 0
github.com/modelpack/model-csi-driver/pkg/config/auth/docker.go:85.2,85.54 1 0
github.com/modelpack/model-csi-driver/pkg/config/auth/docker.go:88.64,93.91 2 0
github.com/modelpack/model-csi-driver/pkg/config/auth/docker.go:93.91,95.3 1 0
github.com/modelpack/model-csi-driver/pkg/config/auth/docker.go:96.2,97.39 2 0
github.com/modelpack/model-csi-driver/pkg/config/auth/docker.go:97.39,98.20 1 0
github.com/modelpack/model-csi-driver/pkg/config/auth/docker.go:98.20,100.18 2 0
github.com/modelpack/model-csi-driver/pkg/config/auth/docker.go:100.18,102.5 1 0
github.com/modelpack/model-csi-driver/pkg/config/auth/docker.go:104.3,106.28 3 0
github.com/modelpack/model-csi-driver/pkg/config/auth/docker.go:108.2,108.17 1 0
github.com/modelpack/model-csi-driver/pkg/config/auth/docker.go:112.59,113.20 1 0
github.com/modelpack/model-csi-driver/pkg/config/auth/docker.go:113.20,115.3 1 0
github.com/modelpack/model-csi-driver/pkg/config/auth/docker.go:120.2,120.33 1 0
github.com/modelpack/model-csi-driver/pkg/config/auth/docker.go:120.33,122.3 1 0
github.com/modelpack/model-csi-driver/pkg/config/auth/docker.go:124.2,124.58 1 0
github.com/modelpack/model-csi-driver/pkg/config/auth/docker.go:124.58,126.3 1 0
github.com/modelpack/model-csi-driver/pkg/config/auth/docker.go:128.2,130.27 3 0
github.com/modelpack/model-csi-driver/pkg/config/auth/docker.go:130.27,132.3 1 0
github.com/modelpack/model-csi-driver/pkg/config/auth/docker.go:134.2,135.16 2 0
github.com/modelpack/model-csi-driver/pkg/config/auth/docker.go:135.16,137.3 1 0
github.com/modelpack/model-csi-driver/pkg/config/auth/docker.go:138.2,138.15 1 0
github.com/modelpack/model-csi-driver/pkg/config/auth/docker.go:138.15,138.35 1 0
github.com/modelpack/model-csi-driver/pkg/config/auth/docker.go:140.2,141.16 2 0
github.com/modelpack/model-csi-driver/pkg/config/auth/docker.go:141.16,143.3 1 0
github.com/modelpack/model-csi-driver/pkg/config/auth/docker.go:145.2,146.23 2 0
github.com/modelpack/model-csi-driver/pkg/config/auth/docker.go:146.23,148.3 1 0
github.com/modelpack/model-csi-driver/pkg/config/auth/docker.go:150.2,157.22 3 0
github.com/modelpack/model-csi-driver/pkg/config/auth/keychain.go:20.58,23.16 2 0
github.com/modelpack/model-csi-driver/pkg/config/auth/keychain.go:23.16,25.3 1 0
github.com/modelpack/model-csi-driver/pkg/config/auth/keychain.go:28.2,28.47 1 0
github.com/modelpack/model-csi-driver/pkg/config/auth/keychain.go:31.43,32.44 1 0
github.com/modelpack/model-csi-driver/pkg/config/auth/keychain.go:32.44,34.3 1 0
github.com/modelpack/model-csi-driver/pkg/config/auth/keychain.go:36.2,36.95 1 0
github.com/modelpack/model-csi-driver/pkg/logger/logger.go:19.89,23.22 4 0
github.com/modelpack/model-csi-driver/pkg/logger/logger.go:23.22,25.3 1 0
github.com/modelpack/model-csi-driver/pkg/logger/logger.go:26.2,26.12 1 0
github.com/modelpack/model-csi-driver/pkg/logger/logger.go:29.53,34.46 2 0
github.com/modelpack/model-csi-driver/pkg/logger/logger.go:34.46,36.3 1 0
github.com/modelpack/model-csi-driver/pkg/logger/logger.go:38.2,38.14 1 0
github.com/modelpack/model-csi-driver/pkg/logger/logger.go:41.30,43.2 1 0
github.com/modelpack/model-csi-driver/pkg/mounter/builder.go:39.33,43.2 1 0
github.com/modelpack/model-csi-driver/pkg/mounter/builder.go:50.37,52.2 1 0
github.com/modelpack/model-csi-driver/pkg/mounter/builder.go:54.44,57.2 2 0
github.com/modelpack/model-csi-driver/pkg/mounter/builder.go:59.40,62.2 2 0
github.com/modelpack/model-csi-driver/pkg/mounter/builder.go:64.41,67.2 2 0
github.com/modelpack/model-csi-driver/pkg/mounter/builder.go:69.55,72.2 2 0
github.com/modelpack/model-csi-driver/pkg/mounter/builder.go:74.62,80.2 5 0
github.com/modelpack/model-csi-driver/pkg/mounter/builder.go:82.56,86.2 3 0
github.com/modelpack/model-csi-driver/pkg/mounter/builder.go:88.50,89.28 1 0
github.com/modelpack/model-csi-driver/pkg/mounter/builder.go:89.28,91.3 1 0
github.com/modelpack/model-csi-driver/pkg/mounter/builder.go:92.2,92.56 1 0
github.com/modelpack/model-csi-driver/pkg/mounter/builder.go:92.56,94.3 1 0
github.com/modelpack/model-csi-driver/pkg/mounter/builder.go:95.2,98.8 1 0
github.com/modelpack/model-csi-driver/pkg/mounter/mounter.go:15.83,20.16 5 0
github.com/modelpack/model-csi-driver/pkg/mounter/mounter.go:20.16,22.3 1 0
github.com/modelpack/model-csi-driver/pkg/mounter/mounter.go:23.2,23.17 1 0
github.com/modelpack/model-csi-driver/pkg/mounter/mounter.go:26.56,28.16 2 0
github.com/modelpack/model-csi-driver/pkg/mounter/mounter.go:28.16,30.3 1 0
github.com/modelpack/model-csi-driver/pkg/mounter/mounter.go:31.2,31.68 1 0
github.com/modelpack/model-csi-driver/pkg/mounter/mounter.go:31.68,33.3 1 0
github.com/modelpack/model-csi-driver/pkg/mounter/mounter.go:34.2,34.12 1 0
github.com/modelpack/model-csi-driver/pkg/mounter/mounter.go:37.70,39.22 2 0
github.com/modelpack/model-csi-driver/pkg/mounter/mounter.go:39.22,41.3 1 0
github.com/modelpack/model-csi-driver/pkg/mounter/mounter.go:42.2,45.10 3 0
github.com/modelpack/model-csi-driver/pkg/mounter/mounter.go:45.10,47.3 1 0
github.com/modelpack/model-csi-driver/pkg/mounter/mounter.go:47.8,49.3 1 0
github.com/modelpack/model-csi-driver/pkg/mounter/mounter.go:50.2,50.125 1 0
github.com/modelpack/model-csi-driver/pkg/mounter/mounter.go:50.125,53.3 1 0
github.com/modelpack/model-csi-driver/pkg/mounter/mounter.go:54.2,54.12 1 0
github.com/modelpack/model-csi-driver/pkg/mounter/mounter.go:57.70,59.16 2 0
github.com/modelpack/model-csi-driver/pkg/mounter/mounter.go:59.16,60.25 1 0
github.com/modelpack/model-csi-driver/pkg/mounter/mounter.go:60.25,62.4 1 0
github.com/modelpack/model-csi-driver/pkg/mounter/mounter.go:63.3,63.20 1 0
github.com/modelpack/model-csi-driver/pkg/mounter/mounter.go:66.2,67.78 2 0
github.com/modelpack/model-csi-driver/pkg/mounter/mounter.go:67.78,68.33 1 0
github.com/modelpack/model-csi-driver/pkg/mounter/mounter.go:68.33,71.4 2 0
github.com/modelpack/model-csi-driver/pkg/mounter/mounter.go:72.3,72.21 1 0
github.com/modelpack/model-csi-driver/pkg/mounter/mounter.go:74.2,74.16 1 0
github.com/modelpack/model-csi-driver/pkg/mounter/mounter.go:74.16,76.3 1 0
github.com/modelpack/model-csi-driver/pkg/mounter/mounter.go:78.2,78.29 1 0
github.com/modelpack/model-csi-driver/pkg/mounter/mounter.go:81.69,83.16 2 0
github.com/modelpack/model-csi-driver/pkg/mounter/mounter.go:83.16,85.3 1 0
github.com/modelpack/model-csi-driver/pkg/mounter/mounter.go:86.2,86.24 1 0
github.com/modelpack/model-csi-driver/pkg/mounter/mounter.go:86.24,88.3 1 0
github.com/modelpack/model-csi-driver/pkg/mounter/mounter.go:89.2,89.12 1 0
github.com/modelpack/model-csi-driver/pkg/metrics/mount_collector.go:21.50,32.2 3 1
github.com/modelpack/model-csi-driver/pkg/metrics/mount_collector.go:34.53,36.2 1 0
github.com/modelpack/model-csi-driver/pkg/metrics/mount_collector.go:38.67,40.2 1 1
github.com/modelpack/model-csi-driver/pkg/metrics/mount_collector.go:42.67,44.17 2 0
github.com/modelpack/model-csi-driver/pkg/metrics/mount_collector.go:44.17,46.6 1 0
github.com/modelpack/model-csi-driver/pkg/metrics/mount_collector.go:47.5,48.30 2 0
github.com/modelpack/model-csi-driver/pkg/metrics/mount_collector.go:48.30,58.6 1 0
github.com/modelpack/model-csi-driver/pkg/metrics/registry.go:24.56,29.38 4 8
github.com/modelpack/model-csi-driver/pkg/metrics/registry.go:29.38,31.3 1 7
github.com/modelpack/model-csi-driver/pkg/metrics/registry.go:33.2,33.50 1 8
github.com/modelpack/model-csi-driver/pkg/metrics/registry.go:117.59,118.16 1 0
github.com/modelpack/model-csi-driver/pkg/metrics/registry.go:118.16,120.3 1 0
github.com/modelpack/model-csi-driver/pkg/metrics/registry.go:120.8,123.3 2 0
github.com/modelpack/model-csi-driver/pkg/metrics/registry.go:126.65,127.16 1 0
github.com/modelpack/model-csi-driver/pkg/metrics/registry.go:127.16,129.3 1 0
github.com/modelpack/model-csi-driver/pkg/metrics/registry.go:129.8,132.3 2 0
github.com/modelpack/model-csi-driver/pkg/metrics/registry.go:135.75,136.16 1 0
github.com/modelpack/model-csi-driver/pkg/metrics/registry.go:136.16,138.3 1 0
github.com/modelpack/model-csi-driver/pkg/metrics/registry.go:138.8,143.3 4 0
github.com/modelpack/model-csi-driver/pkg/metrics/registry.go:146.13,171.2 3 1
github.com/modelpack/model-csi-driver/pkg/metrics/serve.go:26.51,27.11 1 0
github.com/modelpack/model-csi-driver/pkg/metrics/serve.go:27.11,29.3 1 0
github.com/modelpack/model-csi-driver/pkg/metrics/serve.go:29.8,29.60 1 0
github.com/modelpack/model-csi-driver/pkg/metrics/serve.go:29.60,31.3 1 0
github.com/modelpack/model-csi-driver/pkg/metrics/serve.go:31.8,33.3 1 0
github.com/modelpack/model-csi-driver/pkg/metrics/serve.go:34.2,34.13 1 0
github.com/modelpack/model-csi-driver/pkg/metrics/serve.go:37.46,38.16 1 0
github.com/modelpack/model-csi-driver/pkg/metrics/serve.go:38.16,40.3 1 0
github.com/modelpack/model-csi-driver/pkg/metrics/serve.go:42.2,43.16 2 0
github.com/modelpack/model-csi-driver/pkg/metrics/serve.go:43.16,45.3 1 0
github.com/modelpack/model-csi-driver/pkg/metrics/serve.go:46.2,49.16 4 0
github.com/modelpack/model-csi-driver/pkg/metrics/serve.go:49.16,51.3 1 0
github.com/modelpack/model-csi-driver/pkg/metrics/serve.go:53.2,56.8 1 0
github.com/modelpack/model-csi-driver/pkg/metrics/serve.go:59.46,75.12 7 0
github.com/modelpack/model-csi-driver/pkg/metrics/serve.go:75.12,76.81 1 0
github.com/modelpack/model-csi-driver/pkg/metrics/serve.go:76.81,78.4 1 0
github.com/modelpack/model-csi-driver/pkg/metrics/serve.go:81.2,83.62 2 0
github.com/modelpack/model-csi-driver/pkg/metrics/serve.go:83.62,85.3 1 0
github.com/modelpack/model-csi-driver/pkg/provider/provider.go:15.89,29.28 1 0
github.com/modelpack/model-csi-driver/pkg/provider/provider.go:29.28,33.4 2 0
github.com/modelpack/model-csi-driver/pkg/config/config.go:17.79,19.40 2 3
github.com/modelpack/model-csi-driver/pkg/config/config.go:19.40,21.3 1 0
github.com/modelpack/model-csi-driver/pkg/config/config.go:23.2,24.16 2 3
github.com/modelpack/model-csi-driver/pkg/config/config.go:24.16,26.3 1 0
github.com/modelpack/model-csi-driver/pkg/config/config.go:28.2,30.12 2 3
github.com/modelpack/model-csi-driver/pkg/config/config.go:70.49,72.2 1 0
github.com/modelpack/model-csi-driver/pkg/config/config.go:74.54,76.2 1 0
github.com/modelpack/model-csi-driver/pkg/config/config.go:78.52,80.2 1 0
github.com/modelpack/model-csi-driver/pkg/config/config.go:82.56,84.2 1 0
github.com/modelpack/model-csi-driver/pkg/config/config.go:86.59,88.2 1 0
github.com/modelpack/model-csi-driver/pkg/config/config.go:90.61,92.2 1 0
github.com/modelpack/model-csi-driver/pkg/config/config.go:94.59,96.2 1 0
github.com/modelpack/model-csi-driver/pkg/config/config.go:98.64,100.2 1 0
github.com/modelpack/model-csi-driver/pkg/config/config.go:103.46,105.2 1 0
github.com/modelpack/model-csi-driver/pkg/config/config.go:108.62,110.2 1 0
github.com/modelpack/model-csi-driver/pkg/config/config.go:113.61,115.2 1 0
github.com/modelpack/model-csi-driver/pkg/config/config.go:118.72,120.2 1 0
github.com/modelpack/model-csi-driver/pkg/config/config.go:123.72,125.2 1 0
github.com/modelpack/model-csi-driver/pkg/config/config.go:128.82,130.2 1 0
github.com/modelpack/model-csi-driver/pkg/config/config.go:133.80,135.2 1 0
github.com/modelpack/model-csi-driver/pkg/config/config.go:138.73,140.2 1 0
github.com/modelpack/model-csi-driver/pkg/config/config.go:143.74,145.2 1 0
github.com/modelpack/model-csi-driver/pkg/config/config.go:147.47,149.2 1 0
github.com/modelpack/model-csi-driver/pkg/config/config.go:151.41,153.2 1 3
github.com/modelpack/model-csi-driver/pkg/config/config.go:155.45,157.16 2 5
github.com/modelpack/model-csi-driver/pkg/config/config.go:157.16,159.3 1 2
github.com/modelpack/model-csi-driver/pkg/config/config.go:161.2,162.51 2 3
github.com/modelpack/model-csi-driver/pkg/config/config.go:162.51,164.3 1 0
github.com/modelpack/model-csi-driver/pkg/config/config.go:166.2,166.27 1 3
github.com/modelpack/model-csi-driver/pkg/config/config.go:166.27,168.3 1 0
github.com/modelpack/model-csi-driver/pkg/config/config.go:170.2,171.19 2 3
github.com/modelpack/model-csi-driver/pkg/config/config.go:171.19,173.3 1 0
github.com/modelpack/model-csi-driver/pkg/config/config.go:174.2,174.50 1 3
github.com/modelpack/model-csi-driver/pkg/config/config.go:174.50,176.3 1 0
github.com/modelpack/model-csi-driver/pkg/config/config.go:177.2,179.27 2 3
github.com/modelpack/model-csi-driver/pkg/config/config.go:179.27,181.3 1 0
github.com/modelpack/model-csi-driver/pkg/config/config.go:183.2,183.22 1 3
github.com/modelpack/model-csi-driver/pkg/config/config.go:183.22,185.22 2 3
github.com/modelpack/model-csi-driver/pkg/config/config.go:185.22,187.4 1 0
github.com/modelpack/model-csi-driver/pkg/config/config.go:188.3,190.43 2 3
github.com/modelpack/model-csi-driver/pkg/config/config.go:190.43,192.21 2 3
github.com/modelpack/model-csi-driver/pkg/config/config.go:192.21,194.5 1 2
github.com/modelpack/model-csi-driver/pkg/config/config.go:194.10,196.5 1 1
github.com/modelpack/model-csi-driver/pkg/config/config.go:199.3,199.84 1 3
github.com/modelpack/model-csi-driver/pkg/config/config.go:199.84,201.4 1 0
github.com/modelpack/model-csi-driver/pkg/config/config.go:203.3,203.24 1 3
github.com/modelpack/model-csi-driver/pkg/config/config.go:203.24,205.4 1 0
github.com/modelpack/model-csi-driver/pkg/config/config.go:207.3,207.45 1 3
github.com/modelpack/model-csi-driver/pkg/config/config.go:207.45,209.18 2 0
github.com/modelpack/model-csi-driver/pkg/config/config.go:209.18,211.5 1 0
github.com/modelpack/model-csi-driver/pkg/config/config.go:212.4,212.27 1 0
github.com/modelpack/model-csi-driver/pkg/config/config.go:212.27,214.5 1 0
github.com/modelpack/model-csi-driver/pkg/config/config.go:215.4,215.52 1 0
github.com/modelpack/model-csi-driver/pkg/config/config.go:215.52,217.5 1 0
github.com/modelpack/model-csi-driver/pkg/config/config.go:220.3,220.38 1 3
github.com/modelpack/model-csi-driver/pkg/config/config.go:220.38,222.4 1 0
github.com/modelpack/model-csi-driver/pkg/config/config.go:225.2,225.18 1 3
github.com/modelpack/model-csi-driver/pkg/config/config.go:232.40,234.16 2 1
github.com/modelpack/model-csi-driver/pkg/config/config.go:234.16,236.3 1 0
github.com/modelpack/model-csi-driver/pkg/config/config.go:238.2,242.23 3 1
github.com/modelpack/model-csi-driver/pkg/config/config.go:245.41,251.2 3 1
github.com/modelpack/model-csi-driver/pkg/config/config.go:253.37,255.2 1 1
github.com/modelpack/model-csi-driver/pkg/config/config.go:257.40,259.16 2 4
github.com/modelpack/model-csi-driver/pkg/config/config.go:259.16,262.3 2 2
github.com/modelpack/model-csi-driver/pkg/config/config.go:264.2,269.52 4 2
github.com/modelpack/model-csi-driver/pkg/config/watcher.go:13.39,17.16 3 1
github.com/modelpack/model-csi-driver/pkg/config/watcher.go:17.16,20.3 2 0
github.com/modelpack/model-csi-driver/pkg/config/watcher.go:21.2,21.15 1 1
github.com/modelpack/model-csi-driver/pkg/config/watcher.go:21.15,21.38 1 0
github.com/modelpack/model-csi-driver/pkg/config/watcher.go:23.2,23.12 1 1
github.com/modelpack/model-csi-driver/pkg/config/watcher.go:23.12,25.7 2 1
github.com/modelpack/model-csi-driver/pkg/config/watcher.go:25.7,26.11 1 8
github.com/modelpack/model-csi-driver/pkg/config/watcher.go:27.39,28.12 1 7
github.com/modelpack/model-csi-driver/pkg/config/watcher.go:28.12,30.6 1 0
github.com/modelpack/model-csi-driver/pkg/config/watcher.go:31.5,31.61 1 7
github.com/modelpack/model-csi-driver/pkg/config/watcher.go:31.61,34.6 2 4
github.com/modelpack/model-csi-driver/pkg/config/watcher.go:35.37,36.12 1 0
github.com/modelpack/model-csi-driver/pkg/config/watcher.go:36.12,38.6 1 0
github.com/modelpack/model-csi-driver/pkg/config/watcher.go:39.5,39.58 1 0
github.com/modelpack/model-csi-driver/pkg/config/watcher.go:44.2,45.16 2 1
github.com/modelpack/model-csi-driver/pkg/config/watcher.go:45.16,47.3 1 0
github.com/modelpack/model-csi-driver/pkg/config/watcher.go:49.2,49.9 1 1
github.com/modelpack/model-csi-driver/pkg/tracing/tracing.go:22.37,23.35 1 0
github.com/modelpack/model-csi-driver/pkg/tracing/tracing.go:23.35,25.3 1 0
github.com/modelpack/model-csi-driver/pkg/tracing/tracing.go:26.2,27.16 2 0
github.com/modelpack/model-csi-driver/pkg/tracing/tracing.go:27.16,29.3 1 0
github.com/modelpack/model-csi-driver/pkg/tracing/tracing.go:30.2,31.12 2 0
github.com/modelpack/model-csi-driver/pkg/tracing/tracing.go:36.110,42.45 2 0
github.com/modelpack/model-csi-driver/pkg/tracing/tracing.go:42.45,44.36 2 0
github.com/modelpack/model-csi-driver/pkg/tracing/tracing.go:44.36,46.4 1 0
github.com/modelpack/model-csi-driver/pkg/tracing/tracing.go:47.3,48.13 2 0
github.com/modelpack/model-csi-driver/pkg/tracing/tracing.go:52.2,52.33 1 0
github.com/modelpack/model-csi-driver/pkg/tracing/tracing.go:52.33,54.3 1 0
github.com/modelpack/model-csi-driver/pkg/tracing/tracing.go:57.2,62.16 4 0
github.com/modelpack/model-csi-driver/pkg/tracing/tracing.go:62.16,65.3 2 0
github.com/modelpack/model-csi-driver/pkg/tracing/tracing.go:66.2,69.8 3 0
github.com/modelpack/model-csi-driver/pkg/tracing/tracing.go:72.52,77.2 1 0
github.com/modelpack/model-csi-driver/pkg/tracing/tracing.go:79.78,83.23 3 0
github.com/modelpack/model-csi-driver/pkg/tracing/tracing.go:83.23,87.17 2 0
github.com/modelpack/model-csi-driver/pkg/tracing/tracing.go:87.17,89.4 1 0
github.com/modelpack/model-csi-driver/pkg/tracing/tracing.go:90.8,92.17 2 0
github.com/modelpack/model-csi-driver/pkg/tracing/tracing.go:92.17,94.4 1 0
github.com/modelpack/model-csi-driver/pkg/tracing/tracing.go:97.2,101.28 2 0
github.com/modelpack/model-csi-driver/pkg/status/hook.go:28.36,32.2 1 0
github.com/modelpack/model-csi-driver/pkg/status/hook.go:34.57,39.12 4 0
github.com/modelpack/model-csi-driver/pkg/status/hook.go:39.12,41.3 1 0
github.com/modelpack/model-csi-driver/pkg/status/hook.go:43.2,43.19 1 0
github.com/modelpack/model-csi-driver/pkg/status/hook.go:46.52,51.2 3 0
github.com/modelpack/model-csi-driver/pkg/status/hook.go:53.43,58.2 3 0
github.com/modelpack/model-csi-driver/pkg/status/hook.go:68.41,73.2 1 0
github.com/modelpack/model-csi-driver/pkg/status/hook.go:75.41,77.23 2 0
github.com/modelpack/model-csi-driver/pkg/status/hook.go:77.23,79.3 1 0
github.com/modelpack/model-csi-driver/pkg/status/hook.go:81.2,83.46 2 0
github.com/modelpack/model-csi-driver/pkg/status/hook.go:86.84,91.29 4 0
github.com/modelpack/model-csi-driver/pkg/status/hook.go:91.29,92.59 1 0
github.com/modelpack/model-csi-driver/pkg/status/hook.go:92.59,94.4 1 0
github.com/modelpack/model-csi-driver/pkg/status/hook.go:94.9,94.69 1 0
github.com/modelpack/model-csi-driver/pkg/status/hook.go:94.69,97.4 1 0
github.com/modelpack/model-csi-driver/pkg/status/hook.go:100.2,115.3 7 0
github.com/modelpack/model-csi-driver/pkg/status/hook.go:118.67,123.21 4 0
github.com/modelpack/model-csi-driver/pkg/status/hook.go:123.21,125.3 1 0
github.com/modelpack/model-csi-driver/pkg/status/hook.go:127.2,130.16 3 0
github.com/modelpack/model-csi-driver/pkg/status/hook.go:130.16,132.3 1 0
github.com/modelpack/model-csi-driver/pkg/status/hook.go:132.8,141.3 5 0
github.com/modelpack/model-csi-driver/pkg/status/hook.go:143.2,146.16 3 0
github.com/modelpack/model-csi-driver/pkg/status/hook.go:146.16,149.3 2 0
github.com/modelpack/model-csi-driver/pkg/status/hook.go:150.2,150.21 1 0
github.com/modelpack/model-csi-driver/pkg/status/hook.go:153.39,155.34 2 0
github.com/modelpack/model-csi-driver/pkg/status/hook.go:155.34,157.3 1 0
github.com/modelpack/model-csi-driver/pkg/status/hook.go:159.2,159.40 1 0
github.com/modelpack/model-csi-driver/pkg/status/hook.go:159.40,160.51 1 0
github.com/modelpack/model-csi-driver/pkg/status/hook.go:160.51,162.4 1 0
github.com/modelpack/model-csi-driver/pkg/status/hook.go:163.3,163.55 1 0
github.com/modelpack/model-csi-driver/pkg/status/hook.go:166.2,167.23 2 0
github.com/modelpack/model-csi-driver/pkg/status/hook.go:167.23,169.38 2 0
github.com/modelpack/model-csi-driver/pkg/status/hook.go:169.38,172.4 2 0
github.com/modelpack/model-csi-driver/pkg/status/hook.go:173.3,173.25 1 0
github.com/modelpack/model-csi-driver/pkg/status/hook.go:176.2,179.3 1 0
github.com/modelpack/model-csi-driver/pkg/status/hook.go:182.39,187.2 3 0
github.com/modelpack/model-csi-driver/pkg/status/status.go:51.45,53.16 2 0
github.com/modelpack/model-csi-driver/pkg/status/status.go:53.16,55.3 1 0
github.com/modelpack/model-csi-driver/pkg/status/status.go:56.2,56.35 1 0
github.com/modelpack/model-csi-driver/pkg/status/status.go:68.49,72.2 1 0
github.com/modelpack/model-csi-driver/pkg/status/status.go:74.81,76.59 2 0
github.com/modelpack/model-csi-driver/pkg/status/status.go:76.59,78.3 1 0
github.com/modelpack/model-csi-driver/pkg/status/status.go:80.2,81.16 2 0
github.com/modelpack/model-csi-driver/pkg/status/status.go:81.16,83.3 1 0
github.com/modelpack/model-csi-driver/pkg/status/status.go:85.2,85.68 1 0
github.com/modelpack/model-csi-driver/pkg/status/status.go:85.68,87.3 1 0
github.com/modelpack/model-csi-driver/pkg/status/status.go:89.2,89.21 1 0
github.com/modelpack/model-csi-driver/pkg/status/status.go:92.66,94.16 2 0
github.com/modelpack/model-csi-driver/pkg/status/status.go:94.16,96.3 1 0
github.com/modelpack/model-csi-driver/pkg/status/status.go:98.2,98.50 1 0
github.com/modelpack/model-csi-driver/pkg/status/status.go:98.50,100.3 1 0
github.com/modelpack/model-csi-driver/pkg/status/status.go:102.2,103.61 2 0
github.com/modelpack/model-csi-driver/pkg/status/status.go:103.61,105.3 1 0
github.com/modelpack/model-csi-driver/pkg/status/status.go:107.2,107.21 1 0
github.com/modelpack/model-csi-driver/pkg/status/status.go:110.74,115.16 4 0
github.com/modelpack/model-csi-driver/pkg/status/status.go:115.16,116.37 1 0
github.com/modelpack/model-csi-driver/pkg/status/status.go:116.37,118.4 1 0
github.com/modelpack/model-csi-driver/pkg/status/status.go:119.3,119.62 1 0
github.com/modelpack/model-csi-driver/pkg/status/status.go:122.2,122.20 1 0
github.com/modelpack/model-csi-driver/pkg/status/status.go:125.84,130.16 4 0
github.com/modelpack/model-csi-driver/pkg/status/status.go:130.16,132.3 1 0
github.com/modelpack/model-csi-driver/pkg/status/status.go:133.2,133.20 1 0
github.com/modelpack/model-csi-driver/pkg/status/status.go:136.66,138.16 2 0
github.com/modelpack/model-csi-driver/pkg/status/status.go:138.16,140.3 1 0
github.com/modelpack/model-csi-driver/pkg/status/status.go:142.2,144.20 2 0
github.com/modelpack/model-csi-driver/pkg/utils/utils.go:16.96,17.6 1 0
github.com/modelpack/model-csi-driver/pkg/utils/utils.go:17.6,20.50 3 0
github.com/modelpack/model-csi-driver/pkg/utils/utils.go:20.50,22.4 1 0
github.com/modelpack/model-csi-driver/pkg/utils/utils.go:24.3,24.16 1 0
github.com/modelpack/model-csi-driver/pkg/utils/utils.go:24.16,27.12 3 0
github.com/modelpack/model-csi-driver/pkg/utils/utils.go:30.3,30.13 1 0
github.com/modelpack/model-csi-driver/pkg/utils/utils.go:34.70,36.16 2 0
github.com/modelpack/model-csi-driver/pkg/utils/utils.go:36.16,37.19 1 0
github.com/modelpack/model-csi-driver/pkg/utils/utils.go:37.19,39.4 1 0
github.com/modelpack/model-csi-driver/pkg/utils/utils.go:40.3,40.44 1 0
github.com/modelpack/model-csi-driver/pkg/utils/utils.go:40.44,42.4 1 0
github.com/modelpack/model-csi-driver/pkg/utils/utils.go:43.3,43.75 1 0
github.com/modelpack/model-csi-driver/pkg/utils/utils.go:44.8,44.32 1 0
github.com/modelpack/model-csi-driver/pkg/utils/utils.go:44.32,46.3 1 0
github.com/modelpack/model-csi-driver/pkg/utils/utils.go:48.2,48.65 1 0
github.com/modelpack/model-csi-driver/pkg/utils/utils.go:48.65,50.3 1 0
github.com/modelpack/model-csi-driver/pkg/utils/utils.go:51.2,51.12 1 0
github.com/modelpack/model-csi-driver/pkg/utils/utils.go:54.56,56.16 2 0
github.com/modelpack/model-csi-driver/pkg/utils/utils.go:56.16,58.3 1 0
github.com/modelpack/model-csi-driver/pkg/utils/utils.go:59.2,60.16 2 0
github.com/modelpack/model-csi-driver/pkg/utils/utils.go:60.16,62.3 1 0
github.com/modelpack/model-csi-driver/pkg/utils/utils.go:63.2,65.18 3 0
github.com/modelpack/model-csi-driver/pkg/utils/utils.go:65.18,67.3 1 0
github.com/modelpack/model-csi-driver/pkg/utils/utils.go:68.2,68.36 1 0
github.com/modelpack/model-csi-driver/pkg/service/cache.go:28.55,30.16 2 1
github.com/modelpack/model-csi-driver/pkg/service/cache.go:30.16,32.3 1 0
github.com/modelpack/model-csi-driver/pkg/service/cache.go:34.2,34.18 1 1
github.com/modelpack/model-csi-driver/pkg/service/cache.go:37.44,43.16 6 1
github.com/modelpack/model-csi-driver/pkg/service/cache.go:43.16,44.25 1 0
github.com/modelpack/model-csi-driver/pkg/service/cache.go:44.25,46.4 1 0
github.com/modelpack/model-csi-driver/pkg/service/cache.go:47.3,47.67 1 0
github.com/modelpack/model-csi-driver/pkg/service/cache.go:50.2,51.39 2 1
github.com/modelpack/model-csi-driver/pkg/service/cache.go:51.39,52.25 1 2
github.com/modelpack/model-csi-driver/pkg/service/cache.go:52.25,53.12 1 0
github.com/modelpack/model-csi-driver/pkg/service/cache.go:55.3,56.33 2 2
github.com/modelpack/model-csi-driver/pkg/service/cache.go:56.33,59.18 3 1
github.com/modelpack/model-csi-driver/pkg/service/cache.go:59.18,67.5 2 1
github.com/modelpack/model-csi-driver/pkg/service/cache.go:69.3,69.34 1 2
github.com/modelpack/model-csi-driver/pkg/service/cache.go:69.34,72.21 3 1
github.com/modelpack/model-csi-driver/pkg/service/cache.go:72.21,73.27 1 0
github.com/modelpack/model-csi-driver/pkg/service/cache.go:73.27,78.20 3 0
github.com/modelpack/model-csi-driver/pkg/service/cache.go:78.20,86.7 2 0
github.com/modelpack/model-csi-driver/pkg/service/cache.go:87.6,87.14 1 0
github.com/modelpack/model-csi-driver/pkg/service/cache.go:89.5,90.13 2 0
github.com/modelpack/model-csi-driver/pkg/service/cache.go:92.4,92.39 1 1
github.com/modelpack/model-csi-driver/pkg/service/cache.go:92.39,93.26 1 1
github.com/modelpack/model-csi-driver/pkg/service/cache.go:93.26,94.14 1 0
github.com/modelpack/model-csi-driver/pkg/service/cache.go:96.5,98.19 3 1
github.com/modelpack/model-csi-driver/pkg/service/cache.go:98.19,106.6 2 1
github.com/modelpack/model-csi-driver/pkg/service/cache.go:111.2,116.12 5 1
github.com/modelpack/model-csi-driver/pkg/service/cache.go:119.38,122.16 2 1
github.com/modelpack/model-csi-driver/pkg/service/cache.go:122.16,124.3 1 0
github.com/modelpack/model-csi-driver/pkg/service/cache.go:125.2,128.40 2 1
github.com/modelpack/model-csi-driver/pkg/service/cache.go:128.40,130.3 1 0
github.com/modelpack/model-csi-driver/pkg/service/cache.go:132.2,132.12 1 1
github.com/modelpack/model-csi-driver/pkg/service/cache.go:135.91,141.12 2 0
github.com/modelpack/model-csi-driver/pkg/service/cache.go:141.12,142.7 1 0
github.com/modelpack/model-csi-driver/pkg/service/cache.go:142.7,143.71 1 0
github.com/modelpack/model-csi-driver/pkg/service/cache.go:143.71,145.5 1 0
github.com/modelpack/model-csi-driver/pkg/service/cache.go:146.4,146.33 1 0
github.com/modelpack/model-csi-driver/pkg/service/cache.go:150.2,150.17 1 0
github.com/modelpack/model-csi-driver/pkg/service/controller.go:25.36,27.36 2 0
github.com/modelpack/model-csi-driver/pkg/service/controller.go:27.36,29.3 1 0
github.com/modelpack/model-csi-driver/pkg/service/controller.go:30.2,41.36 10 0
github.com/modelpack/model-csi-driver/pkg/service/controller.go:41.36,44.3 2 0
github.com/modelpack/model-csi-driver/pkg/service/controller.go:44.8,46.21 2 0
github.com/modelpack/model-csi-driver/pkg/service/controller.go:46.21,48.4 1 0
github.com/modelpack/model-csi-driver/pkg/service/controller.go:48.9,50.4 1 0
github.com/modelpack/model-csi-driver/pkg/service/controller.go:52.2,52.16 1 0
github.com/modelpack/model-csi-driver/pkg/service/controller.go:52.16,56.3 3 0
github.com/modelpack/model-csi-driver/pkg/service/controller.go:56.8,58.3 1 0
github.com/modelpack/model-csi-driver/pkg/service/controller.go:59.2,59.18 1 0
github.com/modelpack/model-csi-driver/pkg/service/controller.go:65.36,77.36 10 0
github.com/modelpack/model-csi-driver/pkg/service/controller.go:77.36,80.3 2 0
github.com/modelpack/model-csi-driver/pkg/service/controller.go:80.8,82.21 2 0
github.com/modelpack/model-csi-driver/pkg/service/controller.go:82.21,84.4 1 0
github.com/modelpack/model-csi-driver/pkg/service/controller.go:84.9,86.4 1 0
github.com/modelpack/model-csi-driver/pkg/service/controller.go:89.2,89.16 1 0
github.com/modelpack/model-csi-driver/pkg/service/controller.go:89.16,94.3 4 0
github.com/modelpack/model-csi-driver/pkg/service/controller.go:94.8,96.3 1 0
github.com/modelpack/model-csi-driver/pkg/service/controller.go:98.2,98.18 1 0
github.com/modelpack/model-csi-driver/pkg/service/controller.go:101.114,107.16 5 0
github.com/modelpack/model-csi-driver/pkg/service/controller.go:107.16,110.3 2 0
github.com/modelpack/model-csi-driver/pkg/service/controller.go:112.2,112.20 1 0
github.com/modelpack/model-csi-driver/pkg/service/controller.go:115.114,120.2 4 0
github.com/modelpack/model-csi-driver/pkg/service/controller.go:122.108,128.16 4 0
github.com/modelpack/model-csi-driver/pkg/service/controller.go:128.16,131.3 2 0
github.com/modelpack/model-csi-driver/pkg/service/controller.go:133.2,134.32 2 0
github.com/modelpack/model-csi-driver/pkg/service/controller.go:134.32,135.21 1 0
github.com/modelpack/model-csi-driver/pkg/service/controller.go:135.21,136.12 1 0
github.com/modelpack/model-csi-driver/pkg/service/controller.go:139.3,143.17 5 0
github.com/modelpack/model-csi-driver/pkg/service/controller.go:143.17,144.38 1 0
github.com/modelpack/model-csi-driver/pkg/service/controller.go:144.38,145.13 1 0
github.com/modelpack/model-csi-driver/pkg/service/controller.go:147.4,148.19 2 0
github.com/modelpack/model-csi-driver/pkg/service/controller.go:151.3,151.39 1 0
github.com/modelpack/model-csi-driver/pkg/service/controller.go:154.2,154.22 1 0
github.com/modelpack/model-csi-driver/pkg/service/controller.go:157.108,162.2 4 0
github.com/modelpack/model-csi-driver/pkg/service/controller.go:167.35,173.36 5 0
github.com/modelpack/model-csi-driver/pkg/service/controller.go:173.36,175.3 1 0
github.com/modelpack/model-csi-driver/pkg/service/controller.go:175.8,177.3 1 0
github.com/modelpack/model-csi-driver/pkg/service/controller.go:179.2,179.16 1 0
github.com/modelpack/model-csi-driver/pkg/service/controller.go:179.16,182.3 2 0
github.com/modelpack/model-csi-driver/pkg/service/controller.go:182.8,184.3 1 0
github.com/modelpack/model-csi-driver/pkg/service/controller.go:186.2,186.18 1 0
github.com/modelpack/model-csi-driver/pkg/service/controller.go:192.47,194.2 1 0
github.com/modelpack/model-csi-driver/pkg/service/controller.go:199.49,201.2 1 0
github.com/modelpack/model-csi-driver/pkg/service/controller.go:206.50,208.2 1 0
github.com/modelpack/model-csi-driver/pkg/service/controller.go:213.35,215.2 1 0
github.com/modelpack/model-csi-driver/pkg/service/controller.go:220.49,221.96 1 0
github.com/modelpack/model-csi-driver/pkg/service/controller.go:221.96,229.3 1 0
github.com/modelpack/model-csi-driver/pkg/service/controller.go:231.2,238.4 2 0
github.com/modelpack/model-csi-driver/pkg/service/controller.go:238.4,240.3 1 0
github.com/modelpack/model-csi-driver/pkg/service/controller.go:242.2,246.18 2 0
github.com/modelpack/model-csi-driver/pkg/service/controller.go:252.38,254.2 1 0
github.com/modelpack/model-csi-driver/pkg/service/controller.go:259.38,261.2 1 0
github.com/modelpack/model-csi-driver/pkg/service/controller.go:266.37,268.2 1 0
github.com/modelpack/model-csi-driver/pkg/service/controller.go:273.46,275.2 1 0
github.com/modelpack/model-csi-driver/pkg/service/controller_local.go:24.129,28.23 3 0
github.com/modelpack/model-csi-driver/pkg/service/controller_local.go:28.23,30.3 1 0
github.com/modelpack/model-csi-driver/pkg/service/controller_local.go:32.2,39.22 7 0
github.com/modelpack/model-csi-driver/pkg/service/controller_local.go:39.22,41.3 1 0
github.com/modelpack/model-csi-driver/pkg/service/controller_local.go:43.2,43.21 1 0
github.com/modelpack/model-csi-driver/pkg/service/controller_local.go:43.21,45.3 1 0
github.com/modelpack/model-csi-driver/pkg/service/controller_local.go:47.2,47.26 1 0
github.com/modelpack/model-csi-driver/pkg/service/controller_local.go:47.26,49.3 1 0
github.com/modelpack/model-csi-driver/pkg/service/controller_local.go:51.2,51.26 1 0
github.com/modelpack/model-csi-driver/pkg/service/controller_local.go:51.26,53.3 1 0
github.com/modelpack/model-csi-driver/pkg/service/controller_local.go:54.2,55.31 2 0
github.com/modelpack/model-csi-driver/pkg/service/controller_local.go:55.31,58.17 3 0
github.com/modelpack/model-csi-driver/pkg/service/controller_local.go:58.17,60.4 1 0
github.com/modelpack/model-csi-driver/pkg/service/controller_local.go:62.2,63.36 2 0
github.com/modelpack/model-csi-driver/pkg/service/controller_local.go:63.36,66.17 3 0
github.com/modelpack/model-csi-driver/pkg/service/controller_local.go:66.17,68.4 1 0
github.com/modelpack/model-csi-driver/pkg/service/controller_local.go:71.2,76.20 5 0
github.com/modelpack/model-csi-driver/pkg/service/controller_local.go:76.20,81.144 5 0
github.com/modelpack/model-csi-driver/pkg/service/controller_local.go:81.144,85.38 4 0
github.com/modelpack/model-csi-driver/pkg/service/controller_local.go:85.38,87.5 1 0
github.com/modelpack/model-csi-driver/pkg/service/controller_local.go:88.4,88.100 1 0
github.com/modelpack/model-csi-driver/pkg/service/controller_local.go:90.3,99.25 4 0
github.com/modelpack/model-csi-driver/pkg/service/controller_local.go:102.2,103.46 2 0
github.com/modelpack/model-csi-driver/pkg/service/controller_local.go:103.46,104.25 1 0
github.com/modelpack/model-csi-driver/pkg/service/controller_local.go:104.25,106.4 1 0
github.com/modelpack/model-csi-driver/pkg/service/controller_local.go:107.3,107.126 1 0
github.com/modelpack/model-csi-driver/pkg/service/controller_local.go:110.2,114.148 5 0
github.com/modelpack/model-csi-driver/pkg/service/controller_local.go:114.148,118.37 4 0
github.com/modelpack/model-csi-driver/pkg/service/controller_local.go:118.37,120.4 1 0
github.com/modelpack/model-csi-driver/pkg/service/controller_local.go:121.3,121.118 1 0
github.com/modelpack/model-csi-driver/pkg/service/controller_local.go:123.2,133.24 5 0
github.com/modelpack/model-csi-driver/pkg/service/controller_local.go:136.129,138.20 2 0
github.com/modelpack/model-csi-driver/pkg/service/controller_local.go:138.20,140.3 1 0
github.com/modelpack/model-csi-driver/pkg/service/controller_local.go:142.2,150.20 7 0
github.com/modelpack/model-csi-driver/pkg/service/controller_local.go:150.20,153.17 3 0
github.com/modelpack/model-csi-driver/pkg/service/controller_local.go:153.17,157.4 3 0
github.com/modelpack/model-csi-driver/pkg/service/controller_local.go:158.3,158.58 1 0
github.com/modelpack/model-csi-driver/pkg/service/controller_local.go:159.8,159.32 1 0
github.com/modelpack/model-csi-driver/pkg/service/controller_local.go:159.32,165.17 6 0
github.com/modelpack/model-csi-driver/pkg/service/controller_local.go:165.17,169.4 3 0
github.com/modelpack/model-csi-driver/pkg/service/controller_local.go:170.3,170.58 1 0
github.com/modelpack/model-csi-driver/pkg/service/controller_local.go:173.2,173.92 1 0
github.com/modelpack/model-csi-driver/pkg/service/controller_local.go:180.35,183.90 2 0
github.com/modelpack/model-csi-driver/pkg/service/controller_local.go:183.90,186.17 3 0
github.com/modelpack/model-csi-driver/pkg/service/controller_local.go:186.17,187.38 1 0
github.com/modelpack/model-csi-driver/pkg/service/controller_local.go:187.38,189.5 1 0
github.com/modelpack/model-csi-driver/pkg/service/controller_local.go:190.4,191.57 2 0
github.com/modelpack/model-csi-driver/pkg/service/controller_local.go:193.3,195.17 3 0
github.com/modelpack/model-csi-driver/pkg/service/controller_local.go:195.17,198.4 2 0
github.com/modelpack/model-csi-driver/pkg/service/controller_local.go:199.3,208.9 1 0
github.com/modelpack/model-csi-driver/pkg/service/controller_local.go:211.2,212.16 2 0
github.com/modelpack/model-csi-driver/pkg/service/controller_local.go:212.16,215.3 2 0
github.com/modelpack/model-csi-driver/pkg/service/controller_local.go:217.2,218.41 2 0
github.com/modelpack/model-csi-driver/pkg/service/controller_local.go:218.41,219.21 1 0
github.com/modelpack/model-csi-driver/pkg/service/controller_local.go:219.21,220.12 1 0
github.com/modelpack/model-csi-driver/pkg/service/controller_local.go:222.3,224.17 3 0
github.com/modelpack/model-csi-driver/pkg/service/controller_local.go:224.17,225.38 1 0
github.com/modelpack/model-csi-driver/pkg/service/controller_local.go:225.38,226.13 1 0
github.com/modelpack/model-csi-driver/pkg/service/controller_local.go:228.4,229.19 2 0
github.com/modelpack/model-csi-driver/pkg/service/controller_local.go:231.3,231.35 1 0
github.com/modelpack/model-csi-driver/pkg/service/controller_local.go:234.2,236.8 1 0
github.com/modelpack/model-csi-driver/pkg/service/controller_remote.go:41.9,44.2 2 0
github.com/modelpack/model-csi-driver/pkg/service/controller_remote.go:46.94,48.16 2 0
github.com/modelpack/model-csi-driver/pkg/service/controller_remote.go:48.16,50.3 1 0
github.com/modelpack/model-csi-driver/pkg/service/controller_remote.go:52.2,53.16 2 0
github.com/modelpack/model-csi-driver/pkg/service/controller_remote.go:53.16,55.3 1 0
github.com/modelpack/model-csi-driver/pkg/service/controller_remote.go:57.2,57.22 1 0
github.com/modelpack/model-csi-driver/pkg/service/controller_remote.go:63.36,65.23 2 0
github.com/modelpack/model-csi-driver/pkg/service/controller_remote.go:65.23,67.3 1 0
github.com/modelpack/model-csi-driver/pkg/service/controller_remote.go:69.2,70.20 2 0
github.com/modelpack/model-csi-driver/pkg/service/controller_remote.go:70.20,72.3 1 0
github.com/modelpack/model-csi-driver/pkg/service/controller_remote.go:74.2,79.16 5 0
github.com/modelpack/model-csi-driver/pkg/service/controller_remote.go:79.16,84.3 4 0
github.com/modelpack/model-csi-driver/pkg/service/controller_remote.go:85.2,104.16 10 0
github.com/modelpack/model-csi-driver/pkg/service/controller_remote.go:104.16,106.3 1 0
github.com/modelpack/model-csi-driver/pkg/service/controller_remote.go:107.2,107.15 1 0
github.com/modelpack/model-csi-driver/pkg/service/controller_remote.go:107.15,107.35 1 0
github.com/modelpack/model-csi-driver/pkg/service/controller_remote.go:109.2,114.16 3 0
github.com/modelpack/model-csi-driver/pkg/service/controller_remote.go:114.16,116.3 1 0
github.com/modelpack/model-csi-driver/pkg/service/controller_remote.go:118.2,131.8 1 0
github.com/modelpack/model-csi-driver/pkg/service/controller_remote.go:137.36,139.23 2 0
github.com/modelpack/model-csi-driver/pkg/service/controller_remote.go:139.23,141.3 1 0
github.com/modelpack/model-csi-driver/pkg/service/controller_remote.go:143.2,144.20 2 0
github.com/modelpack/model-csi-driver/pkg/service/controller_remote.go:144.20,146.3 1 0
github.com/modelpack/model-csi-driver/pkg/service/controller_remote.go:147.2,150.16 4 0
github.com/modelpack/model-csi-driver/pkg/service/controller_remote.go:150.16,155.32 4 0
github.com/modelpack/model-csi-driver/pkg/service/controller_remote.go:155.32,158.4 2 0
github.com/modelpack/model-csi-driver/pkg/service/controller_remote.go:159.3,159.69 1 0
github.com/modelpack/model-csi-driver/pkg/service/controller_remote.go:161.2,165.20 4 0
github.com/modelpack/model-csi-driver/pkg/service/controller_remote.go:165.20,167.3 1 0
github.com/modelpack/model-csi-driver/pkg/service/controller_remote.go:169.2,183.16 7 0
github.com/modelpack/model-csi-driver/pkg/service/controller_remote.go:183.16,185.3 1 0
github.com/modelpack/model-csi-driver/pkg/service/controller_remote.go:186.2,186.15 1 0
github.com/modelpack/model-csi-driver/pkg/service/controller_remote.go:186.15,186.35 1 0
github.com/modelpack/model-csi-driver/pkg/service/controller_remote.go:188.2,192.16 3 0
github.com/modelpack/model-csi-driver/pkg/service/controller_remote.go:192.16,194.3 1 0
github.com/modelpack/model-csi-driver/pkg/service/controller_remote.go:196.2,196.18 1 0
github.com/modelpack/model-csi-driver/pkg/service/controller_remote.go:202.35,204.2 1 0
github.com/modelpack/model-csi-driver/pkg/service/dynamic_server.go:46.86,52.2 1 0
github.com/modelpack/model-csi-driver/pkg/service/dynamic_server.go:54.107,58.51 3 0
github.com/modelpack/model-csi-driver/pkg/service/dynamic_server.go:58.51,62.3 3 0
github.com/modelpack/model-csi-driver/pkg/service/dynamic_server.go:64.2,65.16 2 0
github.com/modelpack/model-csi-driver/pkg/service/dynamic_server.go:65.16,67.3 1 0
github.com/modelpack/model-csi-driver/pkg/service/dynamic_server.go:69.2,69.12 1 0
github.com/modelpack/model-csi-driver/pkg/service/dynamic_server.go:69.12,70.40 1 0
github.com/modelpack/model-csi-driver/pkg/service/dynamic_server.go:70.40,73.4 2 0
github.com/modelpack/model-csi-driver/pkg/service/dynamic_server.go:74.3,74.68 1 0
github.com/modelpack/model-csi-driver/pkg/service/dynamic_server.go:77.2,81.20 3 0
github.com/modelpack/model-csi-driver/pkg/service/dynamic_server.go:84.88,89.13 4 0
github.com/modelpack/model-csi-driver/pkg/service/dynamic_server.go:89.13,91.3 1 0
github.com/modelpack/model-csi-driver/pkg/service/dynamic_server.go:93.2,93.46 1 0
github.com/modelpack/model-csi-driver/pkg/service/dynamic_server.go:93.46,95.3 1 0
github.com/modelpack/model-csi-driver/pkg/service/dynamic_server.go:96.2,96.82 1 0
github.com/modelpack/model-csi-driver/pkg/service/dynamic_server.go:96.82,98.3 1 0
github.com/modelpack/model-csi-driver/pkg/service/dynamic_server.go:100.2,104.12 3 0
github.com/modelpack/model-csi-driver/pkg/service/dynamic_server.go:107.74,110.16 3 0
github.com/modelpack/model-csi-driver/pkg/service/dynamic_server.go:110.16,111.25 1 0
github.com/modelpack/model-csi-driver/pkg/service/dynamic_server.go:111.25,113.4 1 0
github.com/modelpack/model-csi-driver/pkg/service/dynamic_server.go:114.3,114.67 1 0
github.com/modelpack/model-csi-driver/pkg/service/dynamic_server.go:117.2,117.39 1 0
github.com/modelpack/model-csi-driver/pkg/service/dynamic_server.go:117.39,121.17 4 0
github.com/modelpack/model-csi-driver/pkg/service/dynamic_server.go:121.17,122.26 1 0
github.com/modelpack/model-csi-driver/pkg/service/dynamic_server.go:122.26,123.13 1 0
github.com/modelpack/model-csi-driver/pkg/service/dynamic_server.go:125.4,125.73 1 0
github.com/modelpack/model-csi-driver/pkg/service/dynamic_server.go:127.3,127.30 1 0
github.com/modelpack/model-csi-driver/pkg/service/dynamic_server.go:127.30,128.12 1 0
github.com/modelpack/model-csi-driver/pkg/service/dynamic_server.go:130.3,132.17 3 0
github.com/modelpack/model-csi-driver/pkg/service/dynamic_server.go:132.17,134.4 1 0
github.com/modelpack/model-csi-driver/pkg/service/dynamic_server.go:135.3,135.18 1 0
github.com/modelpack/model-csi-driver/pkg/service/dynamic_server.go:135.18,139.12 2 0
github.com/modelpack/model-csi-driver/pkg/service/dynamic_server.go:141.3,141.98 1 0
github.com/modelpack/model-csi-driver/pkg/service/dynamic_server.go:141.98,143.4 1 0
github.com/modelpack/model-csi-driver/pkg/service/dynamic_server.go:143.9,145.4 1 0
github.com/modelpack/model-csi-driver/pkg/service/dynamic_server.go:148.2,148.12 1 0
github.com/modelpack/model-csi-driver/pkg/service/dynamic_server.go:153.27,154.65 1 0
github.com/modelpack/model-csi-driver/pkg/service/dynamic_server.go:154.65,156.3 1 0
github.com/modelpack/model-csi-driver/pkg/service/dynamic_server.go:161.2,162.16 2 0
github.com/modelpack/model-csi-driver/pkg/service/dynamic_server.go:162.16,164.3 1 0
github.com/modelpack/model-csi-driver/pkg/service/dynamic_server.go:165.2,165.15 1 0
github.com/modelpack/model-csi-driver/pkg/service/dynamic_server.go:165.15,167.3 1 0
github.com/modelpack/model-csi-driver/pkg/service/dynamic_server.go:168.2,168.57 1 0
github.com/modelpack/model-csi-driver/pkg/service/dynamic_server.go:168.57,170.3 1 0
github.com/modelpack/model-csi-driver/pkg/service/dynamic_server.go:172.2,173.16 2 0
github.com/modelpack/model-csi-driver/pkg/service/dynamic_server.go:173.16,175.3 1 0
github.com/modelpack/model-csi-driver/pkg/service/dynamic_server.go:177.2,187.8 2 0
github.com/modelpack/model-csi-driver/pkg/service/dynamic_server.go:190.39,201.82 6 0
github.com/modelpack/model-csi-driver/pkg/service/dynamic_server.go:201.82,203.3 1 0
github.com/modelpack/model-csi-driver/pkg/service/dynamic_server.go:205.2,205.12 1 0
github.com/modelpack/model-csi-driver/pkg/service/dynamic_server_handler.go:25.46,26.22 1 0
github.com/modelpack/model-csi-driver/pkg/service/dynamic_server_handler.go:26.22,28.3 1 0
github.com/modelpack/model-csi-driver/pkg/service/dynamic_server_handler.go:29.2,30.16 2 0
github.com/modelpack/model-csi-driver/pkg/service/dynamic_server_handler.go:30.16,32.3 1 0
github.com/modelpack/model-csi-driver/pkg/service/dynamic_server_handler.go:33.2,33.16 1 0
github.com/modelpack/model-csi-driver/pkg/service/dynamic_server_handler.go:36.51,37.77 1 0
github.com/modelpack/model-csi-driver/pkg/service/dynamic_server_handler.go:37.77,42.3 1 0
github.com/modelpack/model-csi-driver/pkg/service/dynamic_server_handler.go:42.8,42.54 1 0
github.com/modelpack/model-csi-driver/pkg/service/dynamic_server_handler.go:42.54,47.3 1 0
github.com/modelpack/model-csi-driver/pkg/service/dynamic_server_handler.go:48.2,51.4 1 0
github.com/modelpack/model-csi-driver/pkg/service/dynamic_server_handler.go:54.67,57.34 2 0
github.com/modelpack/model-csi-driver/pkg/service/dynamic_server_handler.go:57.34,62.3 1 0
github.com/modelpack/model-csi-driver/pkg/service/dynamic_server_handler.go:64.2,65.36 2 0
github.com/modelpack/model-csi-driver/pkg/service/dynamic_server_handler.go:65.36,70.3 1 0
github.com/modelpack/model-csi-driver/pkg/service/dynamic_server_handler.go:72.2,75.35 3 0
github.com/modelpack/model-csi-driver/pkg/service/dynamic_server_handler.go:75.35,80.3 1 0
github.com/modelpack/model-csi-driver/pkg/service/dynamic_server_handler.go:82.2,82.25 1 0
github.com/modelpack/model-csi-driver/pkg/service/dynamic_server_handler.go:82.25,87.3 1 0
github.com/modelpack/model-csi-driver/pkg/service/dynamic_server_handler.go:89.2,99.16 2 0
github.com/modelpack/model-csi-driver/pkg/service/dynamic_server_handler.go:99.16,101.3 1 0
github.com/modelpack/model-csi-driver/pkg/service/dynamic_server_handler.go:103.2,110.42 2 0
github.com/modelpack/model-csi-driver/pkg/service/dynamic_server_handler.go:113.64,117.34 3 0
github.com/modelpack/model-csi-driver/pkg/service/dynamic_server_handler.go:117.34,122.3 1 0
github.com/modelpack/model-csi-driver/pkg/service/dynamic_server_handler.go:124.2,124.31 1 0
github.com/modelpack/model-csi-driver/pkg/service/dynamic_server_handler.go:124.31,129.3 1 0
github.com/modelpack/model-csi-driver/pkg/service/dynamic_server_handler.go:131.2,132.16 2 0
github.com/modelpack/model-csi-driver/pkg/service/dynamic_server_handler.go:132.16,133.37 1 0
github.com/modelpack/model-csi-driver/pkg/service/dynamic_server_handler.go:133.37,138.4 1 0
github.com/modelpack/model-csi-driver/pkg/service/dynamic_server_handler.go:139.3,139.29 1 0
github.com/modelpack/model-csi-driver/pkg/service/dynamic_server_handler.go:142.2,142.38 1 0
github.com/modelpack/model-csi-driver/pkg/service/dynamic_server_handler.go:145.67,149.34 3 0
github.com/modelpack/model-csi-driver/pkg/service/dynamic_server_handler.go:149.34,154.3 1 0
github.com/modelpack/model-csi-driver/pkg/service/dynamic_server_handler.go:156.2,156.31 1 0
github.com/modelpack/model-csi-driver/pkg/service/dynamic_server_handler.go:156.31,161.3 1 0
github.com/modelpack/model-csi-driver/pkg/service/dynamic_server_handler.go:163.2,167.16 3 0
github.com/modelpack/model-csi-driver/pkg/service/dynamic_server_handler.go:167.16,169.3 1 0
github.com/modelpack/model-csi-driver/pkg/service/dynamic_server_handler.go:171.2,171.42 1 0
github.com/modelpack/model-csi-driver/pkg/service/dynamic_server_handler.go:174.66,177.34 2 0
github.com/modelpack/model-csi-driver/pkg/service/dynamic_server_handler.go:177.34,182.3 1 0
github.com/modelpack/model-csi-driver/pkg/service/dynamic_server_handler.go:184.2,185.16 2 0
github.com/modelpack/model-csi-driver/pkg/service/dynamic_server_handler.go:185.16,187.3 1 0
github.com/modelpack/model-csi-driver/pkg/service/dynamic_server_handler.go:189.2,189.40 1 0
github.com/modelpack/model-csi-driver/pkg/service/identity.go:12.37,19.2 2 0
github.com/modelpack/model-csi-driver/pkg/service/identity.go:24.45,39.2 2 0
github.com/modelpack/model-csi-driver/pkg/service/identity.go:44.29,47.2 1 0
github.com/modelpack/model-csi-driver/pkg/service/kube.go:14.54,16.16 2 0
github.com/modelpack/model-csi-driver/pkg/service/kube.go:16.16,18.3 1 0
github.com/modelpack/model-csi-driver/pkg/service/kube.go:19.2,22.40 3 0
github.com/modelpack/model-csi-driver/pkg/service/kube.go:25.87,27.2 1 0
github.com/modelpack/model-csi-driver/pkg/service/kube.go:34.56,40.45 2 0
github.com/modelpack/model-csi-driver/pkg/service/kube.go:40.45,41.63 1 0
github.com/modelpack/model-csi-driver/pkg/service/kube.go:41.63,43.9 2 0
github.com/modelpack/model-csi-driver/pkg/service/kube.go:47.2,47.14 1 0
github.com/modelpack/model-csi-driver/pkg/service/kube.go:47.14,49.3 1 0
github.com/modelpack/model-csi-driver/pkg/service/kube.go:52.2,53.9 2 0
github.com/modelpack/model-csi-driver/pkg/service/kube.go:53.9,55.3 1 0
github.com/modelpack/model-csi-driver/pkg/service/kube.go:57.2,60.8 1 0
github.com/modelpack/model-csi-driver/pkg/service/model.go:26.68,28.52 1 6
github.com/modelpack/model-csi-driver/pkg/service/model.go:28.52,30.3 1 4
github.com/modelpack/model-csi-driver/pkg/service/model.go:33.2,33.54 1 2
github.com/modelpack/model-csi-driver/pkg/service/model.go:33.54,35.3 1 0
github.com/modelpack/model-csi-driver/pkg/service/model.go:37.2,37.14 1 2
github.com/modelpack/model-csi-driver/pkg/service/model.go:40.91,46.2 1 2
github.com/modelpack/model-csi-driver/pkg/service/model.go:48.60,52.23 3 9
github.com/modelpack/model-csi-driver/pkg/service/model.go:52.23,54.3 1 7
github.com/modelpack/model-csi-driver/pkg/service/model.go:56.2,57.15 2 2
github.com/modelpack/model-csi-driver/pkg/service/model.go:57.15,61.3 1 2
github.com/modelpack/model-csi-driver/pkg/service/model.go:62.2,63.46 2 2
github.com/modelpack/model-csi-driver/pkg/service/model.go:63.46,71.3 3 2
github.com/modelpack/model-csi-driver/pkg/service/model.go:71.35,73.3 1 0
github.com/modelpack/model-csi-driver/pkg/service/model.go:75.2,76.9 2 2
github.com/modelpack/model-csi-driver/pkg/service/model.go:76.9,78.3 1 0
github.com/modelpack/model-csi-driver/pkg/service/model.go:79.2,81.12 2 2
github.com/modelpack/model-csi-driver/pkg/service/model.go:84.124,85.39 1 9
github.com/modelpack/model-csi-driver/pkg/service/model.go:85.39,87.3 1 0
github.com/modelpack/model-csi-driver/pkg/service/model.go:89.2,90.37 2 9
github.com/modelpack/model-csi-driver/pkg/service/model.go:90.37,92.21 2 27
github.com/modelpack/model-csi-driver/pkg/service/model.go:92.21,93.28 1 6
github.com/modelpack/model-csi-driver/pkg/service/model.go:93.28,97.13 2 0
github.com/modelpack/model-csi-driver/pkg/service/model.go:99.4,99.29 1 6
github.com/modelpack/model-csi-driver/pkg/service/model.go:99.29,101.5 1 2
github.com/modelpack/model-csi-driver/pkg/service/model.go:102.9,104.4 1 21
github.com/modelpack/model-csi-driver/pkg/service/model.go:107.2,107.20 1 9
github.com/modelpack/model-csi-driver/pkg/service/model.go:110.90,112.16 2 7
github.com/modelpack/model-csi-driver/pkg/service/model.go:112.16,114.3 1 0
github.com/modelpack/model-csi-driver/pkg/service/model.go:116.2,118.26 3 7
github.com/modelpack/model-csi-driver/pkg/service/model.go:118.26,120.51 2 19
github.com/modelpack/model-csi-driver/pkg/service/model.go:120.51,121.12 1 6
github.com/modelpack/model-csi-driver/pkg/service/model.go:123.3,124.33 2 13
github.com/modelpack/model-csi-driver/pkg/service/model.go:127.2,127.23 1 7
github.com/modelpack/model-csi-driver/pkg/service/model.go:130.97,132.16 2 2
github.com/modelpack/model-csi-driver/pkg/service/model.go:132.16,134.3 1 0
github.com/modelpack/model-csi-driver/pkg/service/model.go:136.2,137.26 2 2
github.com/modelpack/model-csi-driver/pkg/service/model.go:137.26,139.3 1 4
github.com/modelpack/model-csi-driver/pkg/service/model.go:141.2,141.19 1 2
github.com/modelpack/model-csi-driver/pkg/service/node.go:28.39,31.2 1 0
github.com/modelpack/model-csi-driver/pkg/service/node.go:36.41,39.2 1 0
github.com/modelpack/model-csi-driver/pkg/service/node.go:41.43,43.2 1 2
github.com/modelpack/model-csi-driver/pkg/service/node.go:45.44,47.2 1 2
github.com/modelpack/model-csi-driver/pkg/service/node.go:52.47,57.29 4 0
github.com/modelpack/model-csi-driver/pkg/service/node.go:57.29,59.3 1 0
github.com/modelpack/model-csi-driver/pkg/service/node.go:61.2,61.20 1 0
github.com/modelpack/model-csi-driver/pkg/service/node.go:61.20,63.3 1 0
github.com/modelpack/model-csi-driver/pkg/service/node.go:65.2,67.22 2 0
github.com/modelpack/model-csi-driver/pkg/service/node.go:67.22,69.3 1 0
github.com/modelpack/model-csi-driver/pkg/service/node.go:71.2,77.16 6 0
github.com/modelpack/model-csi-driver/pkg/service/node.go:77.16,79.3 1 0
github.com/modelpack/model-csi-driver/pkg/service/node.go:81.2,81.15 1 0
github.com/modelpack/model-csi-driver/pkg/service/node.go:81.15,84.3 2 0
github.com/modelpack/model-csi-driver/pkg/service/node.go:86.2,86.66 1 0
github.com/modelpack/model-csi-driver/pkg/service/node.go:86.66,88.3 1 0
github.com/modelpack/model-csi-driver/pkg/service/node.go:90.2,90.20 1 0
github.com/modelpack/model-csi-driver/pkg/service/node.go:90.20,93.3 2 0
github.com/modelpack/model-csi-driver/pkg/service/node.go:95.2,97.38 3 0
github.com/modelpack/model-csi-driver/pkg/service/node.go:97.38,99.37 2 0
github.com/modelpack/model-csi-driver/pkg/service/node.go:99.37,102.18 3 0
github.com/modelpack/model-csi-driver/pkg/service/node.go:102.18,104.5 1 0
github.com/modelpack/model-csi-driver/pkg/service/node.go:107.3,109.35 3 0
github.com/modelpack/model-csi-driver/pkg/service/node.go:112.2,113.34 2 0
github.com/modelpack/model-csi-driver/pkg/service/node.go:119.41,131.16 9 0
github.com/modelpack/model-csi-driver/pkg/service/node.go:131.16,136.3 4 0
github.com/modelpack/model-csi-driver/pkg/service/node.go:137.2,137.20 1 0
github.com/modelpack/model-csi-driver/pkg/service/node.go:137.20,139.3 1 0
github.com/modelpack/model-csi-driver/pkg/service/node.go:139.8,141.3 1 0
github.com/modelpack/model-csi-driver/pkg/service/node.go:142.2,144.18 2 0
github.com/modelpack/model-csi-driver/pkg/service/node.go:150.49,154.20 3 0
github.com/modelpack/model-csi-driver/pkg/service/node.go:154.20,156.3 1 0
github.com/modelpack/model-csi-driver/pkg/service/node.go:158.2,160.22 2 0
github.com/modelpack/model-csi-driver/pkg/service/node.go:160.22,162.3 1 0
github.com/modelpack/model-csi-driver/pkg/service/node.go:164.2,170.16 6 0
github.com/modelpack/model-csi-driver/pkg/service/node.go:170.16,172.3 1 0
github.com/modelpack/model-csi-driver/pkg/service/node.go:174.2,174.16 1 0
github.com/modelpack/model-csi-driver/pkg/service/node.go:174.16,176.3 1 0
github.com/modelpack/model-csi-driver/pkg/service/node.go:178.2,178.20 1 0
github.com/modelpack/model-csi-driver/pkg/service/node.go:178.20,181.3 2 0
github.com/modelpack/model-csi-driver/pkg/service/node.go:183.2,185.62 3 0
github.com/modelpack/model-csi-driver/pkg/service/node.go:185.62,189.3 3 0
github.com/modelpack/model-csi-driver/pkg/service/node.go:191.2,192.34 2 0
github.com/modelpack/model-csi-driver/pkg/service/node.go:198.43,210.20 9 0
github.com/modelpack/model-csi-driver/pkg/service/node.go:210.20,212.3 1 0
github.com/modelpack/model-csi-driver/pkg/service/node.go:212.8,214.3 1 0
github.com/modelpack/model-csi-driver/pkg/service/node.go:215.2,215.16 1 0
github.com/modelpack/model-csi-driver/pkg/service/node.go:215.16,220.3 4 0
github.com/modelpack/model-csi-driver/pkg/service/node.go:221.2,223.18 2 0
github.com/modelpack/model-csi-driver/pkg/service/node.go:229.42,232.2 1 0
github.com/modelpack/model-csi-driver/pkg/service/node.go:237.40,240.2 1 0
github.com/modelpack/model-csi-driver/pkg/service/node.go:245.43,260.2 2 0
github.com/modelpack/model-csi-driver/pkg/service/node.go:265.35,270.2 1 0
github.com/modelpack/model-csi-driver/pkg/service/node_dynamic.go:18.148,20.59 2 0
github.com/modelpack/model-csi-driver/pkg/service/node_dynamic.go:20.59,22.3 1 0
github.com/modelpack/model-csi-driver/pkg/service/node_dynamic.go:24.2,26.16 3 0
github.com/modelpack/model-csi-driver/pkg/service/node_dynamic.go:26.16,28.3 1 0
github.com/modelpack/model-csi-driver/pkg/service/node_dynamic.go:30.2,35.16 4 0
github.com/modelpack/model-csi-driver/pkg/service/node_dynamic.go:35.16,37.3 1 0
github.com/modelpack/model-csi-driver/pkg/service/node_dynamic.go:39.2,45.16 1 0
github.com/modelpack/model-csi-driver/pkg/service/node_dynamic.go:45.16,47.3 1 0
github.com/modelpack/model-csi-driver/pkg/service/node_dynamic.go:49.2,49.46 1 0
github.com/modelpack/model-csi-driver/pkg/service/node_dynamic.go:52.156,57.16 4 0
github.com/modelpack/model-csi-driver/pkg/service/node_dynamic.go:57.16,59.3 1 0
github.com/modelpack/model-csi-driver/pkg/service/node_dynamic.go:60.2,61.16 2 0
github.com/modelpack/model-csi-driver/pkg/service/node_dynamic.go:61.16,63.84 2 0
github.com/modelpack/model-csi-driver/pkg/service/node_dynamic.go:63.84,65.4 1 0
github.com/modelpack/model-csi-driver/pkg/service/node_dynamic.go:66.8,69.65 1 0
github.com/modelpack/model-csi-driver/pkg/service/node_dynamic.go:69.65,71.4 1 0
github.com/modelpack/model-csi-driver/pkg/service/node_dynamic.go:74.2,74.15 1 0
github.com/modelpack/model-csi-driver/pkg/service/node_dynamic.go:74.15,75.63 1 0
github.com/modelpack/model-csi-driver/pkg/service/node_dynamic.go:75.63,77.4 1 0
github.com/modelpack/model-csi-driver/pkg/service/node_dynamic.go:80.2,81.54 2 0
github.com/modelpack/model-csi-driver/pkg/service/node_dynamic.go:81.54,83.3 1 0
github.com/modelpack/model-csi-driver/pkg/service/node_dynamic.go:85.2,85.48 1 0
github.com/modelpack/model-csi-driver/pkg/service/node_static.go:16.135,19.16 3 0
github.com/modelpack/model-csi-driver/pkg/service/node_static.go:19.16,21.3 1 0
github.com/modelpack/model-csi-driver/pkg/service/node_static.go:22.2,30.16 2 0
github.com/modelpack/model-csi-driver/pkg/service/node_static.go:30.16,32.3 1 0
github.com/modelpack/model-csi-driver/pkg/service/node_static.go:34.2,35.63 2 0
github.com/modelpack/model-csi-driver/pkg/service/node_static.go:35.63,37.3 1 0
github.com/modelpack/model-csi-driver/pkg/service/node_static.go:39.2,39.46 1 0
github.com/modelpack/model-csi-driver/pkg/service/node_static.go:42.155,43.15 1 0
github.com/modelpack/model-csi-driver/pkg/service/node_static.go:43.15,44.63 1 0
github.com/modelpack/model-csi-driver/pkg/service/node_static.go:44.63,46.4 1 0
github.com/modelpack/model-csi-driver/pkg/service/node_static.go:49.2,51.16 3 0
github.com/modelpack/model-csi-driver/pkg/service/node_static.go:51.16,52.37 1 0
github.com/modelpack/model-csi-driver/pkg/service/node_static.go:52.37,54.4 1 0
github.com/modelpack/model-csi-driver/pkg/service/node_static.go:55.3,55.90 1 0
github.com/modelpack/model-csi-driver/pkg/service/node_static.go:58.2,59.63 2 0
github.com/modelpack/model-csi-driver/pkg/service/node_static.go:59.63,61.3 1 0
github.com/modelpack/model-csi-driver/pkg/service/node_static.go:63.2,63.48 1 0
github.com/modelpack/model-csi-driver/pkg/service/node_static_inline.go:18.184,22.119 3 0
github.com/modelpack/model-csi-driver/pkg/service/node_static_inline.go:22.119,24.3 1 0
github.com/modelpack/model-csi-driver/pkg/service/node_static_inline.go:25.2,34.16 3 0
github.com/modelpack/model-csi-driver/pkg/service/node_static_inline.go:34.16,36.3 1 0
github.com/modelpack/model-csi-driver/pkg/service/node_static_inline.go:38.2,40.16 3 0
github.com/modelpack/model-csi-driver/pkg/service/node_static_inline.go:40.16,42.3 1 0
github.com/modelpack/model-csi-driver/pkg/service/node_static_inline.go:45.2,47.63 3 0
github.com/modelpack/model-csi-driver/pkg/service/node_static_inline.go:47.63,49.3 1 0
github.com/modelpack/model-csi-driver/pkg/service/node_static_inline.go:51.2,51.46 1 0
github.com/modelpack/model-csi-driver/pkg/service/node_static_inline.go:54.167,55.15 1 0
github.com/modelpack/model-csi-driver/pkg/service/node_static_inline.go:55.15,56.63 1 0
github.com/modelpack/model-csi-driver/pkg/service/node_static_inline.go:56.63,58.4 1 0
github.com/modelpack/model-csi-driver/pkg/service/node_static_inline.go:61.2,62.54 2 0
github.com/modelpack/model-csi-driver/pkg/service/node_static_inline.go:62.54,64.3 1 0
github.com/modelpack/model-csi-driver/pkg/service/node_static_inline.go:66.2,66.48 1 0
github.com/modelpack/model-csi-driver/pkg/service/puller.go:28.133,34.2 1 0
github.com/modelpack/model-csi-driver/pkg/service/puller.go:42.105,44.16 2 0
github.com/modelpack/model-csi-driver/pkg/service/puller.go:44.16,46.3 1 0
github.com/modelpack/model-csi-driver/pkg/service/puller.go:47.2,50.16 3 0
github.com/modelpack/model-csi-driver/pkg/service/puller.go:50.16,52.3 1 0
github.com/modelpack/model-csi-driver/pkg/service/puller.go:54.2,56.31 2 0
github.com/modelpack/model-csi-driver/pkg/service/puller.go:56.31,57.91 1 0
github.com/modelpack/model-csi-driver/pkg/service/puller.go:57.91,59.4 1 0
github.com/modelpack/model-csi-driver/pkg/service/puller.go:62.2,62.53 1 0
github.com/modelpack/model-csi-driver/pkg/service/puller.go:62.53,64.3 1 0
github.com/modelpack/model-csi-driver/pkg/service/puller.go:66.2,66.26 1 0
github.com/modelpack/model-csi-driver/pkg/service/puller.go:66.26,79.60 12 0
github.com/modelpack/model-csi-driver/pkg/service/puller.go:79.60,82.4 2 0
github.com/modelpack/model-csi-driver/pkg/service/puller.go:84.3,84.13 1 0
github.com/modelpack/model-csi-driver/pkg/service/puller.go:87.2,88.16 2 0
github.com/modelpack/model-csi-driver/pkg/service/puller.go:88.16,90.3 1 0
github.com/modelpack/model-csi-driver/pkg/service/puller.go:92.2,105.61 9 0
github.com/modelpack/model-csi-driver/pkg/service/puller.go:105.61,108.3 2 0
github.com/modelpack/model-csi-driver/pkg/service/puller.go:110.2,110.12 1 0
github.com/modelpack/model-csi-driver/pkg/service/quota.go:21.46,25.83 3 14
github.com/modelpack/model-csi-driver/pkg/service/quota.go:25.83,26.17 1 69
github.com/modelpack/model-csi-driver/pkg/service/quota.go:26.17,28.4 1 1
github.com/modelpack/model-csi-driver/pkg/service/quota.go:29.3,30.10 2 68
github.com/modelpack/model-csi-driver/pkg/service/quota.go:30.10,32.4 1 0
github.com/modelpack/model-csi-driver/pkg/service/quota.go:33.3,34.46 2 68
github.com/modelpack/model-csi-driver/pkg/service/quota.go:34.46,35.38 1 60
github.com/modelpack/model-csi-driver/pkg/service/quota.go:35.38,38.5 2 56
github.com/modelpack/model-csi-driver/pkg/service/quota.go:39.9,39.45 1 8
github.com/modelpack/model-csi-driver/pkg/service/quota.go:39.45,41.4 1 5
github.com/modelpack/model-csi-driver/pkg/service/quota.go:43.3,43.13 1 68
github.com/modelpack/model-csi-driver/pkg/service/quota.go:46.2,46.19 1 14
github.com/modelpack/model-csi-driver/pkg/service/quota.go:49.64,53.2 1 1
github.com/modelpack/model-csi-driver/pkg/service/quota.go:55.39,56.15 1 24
github.com/modelpack/model-csi-driver/pkg/service/quota.go:56.15,58.3 1 22
github.com/modelpack/model-csi-driver/pkg/service/quota.go:59.2,59.59 1 2
github.com/modelpack/model-csi-driver/pkg/service/quota.go:67.117,70.45 2 5
github.com/modelpack/model-csi-driver/pkg/service/quota.go:70.45,72.17 2 3
github.com/modelpack/model-csi-driver/pkg/service/quota.go:72.17,74.4 1 0
github.com/modelpack/model-csi-driver/pkg/service/quota.go:75.3,75.68 1 3
github.com/modelpack/model-csi-driver/pkg/service/quota.go:76.8,78.66 2 2
github.com/modelpack/model-csi-driver/pkg/service/quota.go:78.66,80.4 1 0
github.com/modelpack/model-csi-driver/pkg/service/quota.go:81.3,81.49 1 2
github.com/modelpack/model-csi-driver/pkg/service/quota.go:84.2,86.16 3 5
github.com/modelpack/model-csi-driver/pkg/service/quota.go:86.16,88.3 1 0
github.com/modelpack/model-csi-driver/pkg/service/quota.go:89.2,96.27 3 5
github.com/modelpack/model-csi-driver/pkg/service/quota.go:96.27,101.3 1 2
github.com/modelpack/model-csi-driver/pkg/service/quota.go:103.2,103.12 1 3
github.com/modelpack/model-csi-driver/pkg/service/service.go:41.59,43.2 1 0
github.com/modelpack/model-csi-driver/pkg/service/service.go:45.48,46.42 1 0
github.com/modelpack/model-csi-driver/pkg/service/service.go:46.42,48.3 1 0
github.com/modelpack/model-csi-driver/pkg/service/service.go:50.2,54.34 2 0
github.com/modelpack/model-csi-driver/pkg/service/service.go:54.34,57.17 3 0
github.com/modelpack/model-csi-driver/pkg/service/service.go:57.17,59.4 1 0
github.com/modelpack/model-csi-driver/pkg/service/service.go:60.3,60.23 1 0
github.com/modelpack/model-csi-driver/pkg/service/service.go:60.23,62.4 1 0
github.com/modelpack/model-csi-driver/pkg/service/service.go:63.3,64.17 2 0
github.com/modelpack/model-csi-driver/pkg/service/service.go:64.17,66.4 1 0
github.com/modelpack/model-csi-driver/pkg/service/service.go:67.3,68.40 2 0
github.com/modelpack/model-csi-driver/pkg/service/service.go:69.8,71.17 2 0
github.com/modelpack/model-csi-driver/pkg/service/service.go:71.17,73.4 1 0
github.com/modelpack/model-csi-driver/pkg/service/service.go:74.3,75.17 2 0
github.com/modelpack/model-csi-driver/pkg/service/service.go:75.17,77.4 1 0
github.com/modelpack/model-csi-driver/pkg/service/service.go:78.3,79.17 2 0
github.com/modelpack/model-csi-driver/pkg/service/service.go:79.17,81.4 1 0
github.com/modelpack/model-csi-driver/pkg/service/service.go:83.3,84.31 2 0
github.com/modelpack/model-csi-driver/pkg/service/service.go:84.31,86.18 2 0
github.com/modelpack/model-csi-driver/pkg/service/service.go:86.18,88.5 1 0
github.com/modelpack/model-csi-driver/pkg/service/service.go:89.4,89.27 1 0
github.com/modelpack/model-csi-driver/pkg/service/service.go:89.27,91.5 1 0
github.com/modelpack/model-csi-driver/pkg/service/service.go:92.4,92.42 1 0
github.com/modelpack/model-csi-driver/pkg/service/service.go:95.3,100.33 5 0
github.com/modelpack/model-csi-driver/pkg/service/service.go:103.2,103.18 1 0
github.com/modelpack/model-csi-driver/pkg/service/worker.go:28.34,32.2 1 0
github.com/modelpack/model-csi-driver/pkg/service/worker.go:34.71,38.23 3 0
github.com/modelpack/model-csi-driver/pkg/service/worker.go:38.23,41.3 2 0
github.com/modelpack/model-csi-driver/pkg/service/worker.go:43.2,43.34 1 0
github.com/modelpack/model-csi-driver/pkg/service/worker.go:46.59,51.2 3 0
github.com/modelpack/model-csi-driver/pkg/service/worker.go:62.79,71.2 1 0
github.com/modelpack/model-csi-driver/pkg/service/worker.go:73.111,76.72 3 0
github.com/modelpack/model-csi-driver/pkg/service/worker.go:76.72,79.3 2 0
github.com/modelpack/model-csi-driver/pkg/service/worker.go:80.2,80.75 1 0
github.com/modelpack/model-csi-driver/pkg/service/worker.go:80.75,81.78 1 0
github.com/modelpack/model-csi-driver/pkg/service/worker.go:81.78,83.4 1 0
github.com/modelpack/model-csi-driver/pkg/service/worker.go:84.3,87.22 3 0
github.com/modelpack/model-csi-driver/pkg/service/worker.go:87.22,89.4 1 0
github.com/modelpack/model-csi-driver/pkg/service/worker.go:93.3,93.47 1 0
github.com/modelpack/model-csi-driver/pkg/service/worker.go:93.47,94.50 1 0
github.com/modelpack/model-csi-driver/pkg/service/worker.go:94.50,96.5 1 0
github.com/modelpack/model-csi-driver/pkg/service/worker.go:97.4,97.14 1 0
github.com/modelpack/model-csi-driver/pkg/service/worker.go:98.37,100.4 1 0
github.com/modelpack/model-csi-driver/pkg/service/worker.go:101.3,106.18 4 0
github.com/modelpack/model-csi-driver/pkg/service/worker.go:109.2,109.12 1 0
github.com/modelpack/model-csi-driver/pkg/service/worker.go:112.111,119.2 4 0
github.com/modelpack/model-csi-driver/pkg/service/worker.go:129.9,136.48 5 0
github.com/modelpack/model-csi-driver/pkg/service/worker.go:136.48,137.88 1 0
github.com/modelpack/model-csi-driver/pkg/service/worker.go:137.88,139.4 1 0
github.com/modelpack/model-csi-driver/pkg/service/worker.go:142.2,142.12 1 0
github.com/modelpack/model-csi-driver/pkg/service/worker.go:145.163,146.64 1 0
github.com/modelpack/model-csi-driver/pkg/service/worker.go:146.64,153.17 2 0
github.com/modelpack/model-csi-driver/pkg/service/worker.go:153.17,155.4 1 0
github.com/modelpack/model-csi-driver/pkg/service/worker.go:156.3,156.21 1 0
github.com/modelpack/model-csi-driver/pkg/service/worker.go:159.2,161.80 3 0
github.com/modelpack/model-csi-driver/pkg/service/worker.go:161.80,162.78 1 0
github.com/modelpack/model-csi-driver/pkg/service/worker.go:162.78,164.4 1 0
github.com/modelpack/model-csi-driver/pkg/service/worker.go:165.3,173.20 6 0
github.com/modelpack/model-csi-driver/pkg/service/worker.go:173.20,174.61 1 0
github.com/modelpack/model-csi-driver/pkg/service/worker.go:174.61,175.64 1 0
github.com/modelpack/model-csi-driver/pkg/service/worker.go:175.64,177.6 1 0
github.com/modelpack/model-csi-driver/pkg/service/worker.go:183.3,183.48 1 0
github.com/modelpack/model-csi-driver/pkg/service/worker.go:183.48,185.4 1 0
github.com/modelpack/model-csi-driver/pkg/service/worker.go:187.3,192.21 5 0
github.com/modelpack/model-csi-driver/pkg/service/worker.go:192.21,194.4 1 0
github.com/modelpack/model-csi-driver/pkg/service/worker.go:195.3,197.17 3 0
github.com/modelpack/model-csi-driver/pkg/service/worker.go:197.17,199.4 1 0
github.com/modelpack/model-csi-driver/pkg/service/worker.go:200.3,200.84 1 0
github.com/modelpack/model-csi-driver/pkg/service/worker.go:200.84,201.40 1 0
github.com/modelpack/model-csi-driver/pkg/service/worker.go:201.40,203.68 2 0
github.com/modelpack/model-csi-driver/pkg/service/worker.go:203.68,205.6 1 0
github.com/modelpack/model-csi-driver/pkg/service/worker.go:206.10,206.55 1 0
github.com/modelpack/model-csi-driver/pkg/service/worker.go:206.55,208.67 2 0
github.com/modelpack/model-csi-driver/pkg/service/worker.go:208.67,210.6 1 0
github.com/modelpack/model-csi-driver/pkg/service/worker.go:211.10,213.66 2 0
github.com/modelpack/model-csi-driver/pkg/service/worker.go:213.66,215.6 1 0
github.com/modelpack/model-csi-driver/pkg/service/worker.go:217.4,217.19 1 0
github.com/modelpack/model-csi-driver/pkg/service/worker.go:219.3,220.17 2 0
github.com/modelpack/model-csi-driver/pkg/service/worker.go:220.17,222.4 1 0
github.com/modelpack/model-csi-driver/pkg/service/worker.go:223.3,223.18 1 0
github.com/modelpack/model-csi-driver/pkg/service/worker.go:225.2,225.16 1 0
github.com/modelpack/model-csi-driver/pkg/service/worker.go:225.16,228.3 2 0
github.com/modelpack/model-csi-driver/pkg/service/worker.go:229.2,231.12 2 0
github.com/modelpack/model-csi-driver/pkg/service/worker.go:234.82,237.16 3 0
github.com/modelpack/model-csi-driver/pkg/service/worker.go:237.16,238.26 1 0
github.com/modelpack/model-csi-driver/pkg/service/worker.go:238.26,240.4 1 0
github.com/modelpack/model-csi-driver/pkg/service/worker.go:241.3,241.15 1 0
github.com/modelpack/model-csi-driver/pkg/service/worker.go:244.2,244.51 1 0
github.com/modelpack/model-csi-driver/pkg/service/worker.go:244.51,246.17 2 0
github.com/modelpack/model-csi-driver/pkg/service/worker.go:246.17,247.39 1 0
github.com/modelpack/model-csi-driver/pkg/service/worker.go:247.39,249.5 1 0
github.com/modelpack/model-csi-driver/pkg/service/worker.go:250.4,250.16 1 0
github.com/modelpack/model-csi-driver/pkg/service/worker.go:252.3,252.36 1 0
github.com/modelpack/model-csi-driver/pkg/service/worker.go:252.36,253.71 1 0
github.com/modelpack/model-csi-driver/pkg/service/worker.go:253.71,255.5 1 0
github.com/modelpack/model-csi-driver/pkg/service/worker.go:257.3,257.15 1 0
github.com/modelpack/model-csi-driver/pkg/service/worker.go:259.2,259.39 1 0
github.com/modelpack/model-csi-driver/pkg/service/worker.go:259.39,260.25 1 0
github.com/modelpack/model-csi-driver/pkg/service/worker.go:260.25,261.12 1 0
github.com/modelpack/model-csi-driver/pkg/service/worker.go:263.3,263.39 1 0
github.com/modelpack/model-csi-driver/pkg/service/worker.go:263.39,264.75 1 0
github.com/modelpack/model-csi-driver/pkg/service/worker.go:264.75,266.5 1 0
github.com/modelpack/model-csi-driver/pkg/service/worker.go:268.3,268.40 1 0
github.com/modelpack/model-csi-driver/pkg/service/worker.go:268.40,271.18 3 0
github.com/modelpack/model-csi-driver/pkg/service/worker.go:271.18,273.13 2 0
github.com/modelpack/model-csi-driver/pkg/service/worker.go:275.4,275.39 1 0
github.com/modelpack/model-csi-driver/pkg/service/worker.go:275.39,276.26 1 0
github.com/modelpack/model-csi-driver/pkg/service/worker.go:276.26,277.14 1 0
github.com/modelpack/model-csi-driver/pkg/service/worker.go:280.5,281.96 2 0
github.com/modelpack/model-csi-driver/pkg/service/worker.go:281.96,283.6 1 0
github.com/modelpack/model-csi-driver/pkg/service/worker.go:288.2,288.14 1 0
github.com/modelpack/model-csi-driver/pkg/server/server.go:45.44,46.45 1 1
github.com/modelpack/model-csi-driver/pkg/server/server.go:46.45,48.3 1 1
github.com/modelpack/model-csi-driver/pkg/server/server.go:50.2,51.16 2 0
github.com/modelpack/model-csi-driver/pkg/server/server.go:51.16,53.3 1 0
github.com/modelpack/model-csi-driver/pkg/server/server.go:54.2,54.15 1 0
github.com/modelpack/model-csi-driver/pkg/server/server.go:54.15,54.35 1 0
github.com/modelpack/model-csi-driver/pkg/server/server.go:56.2,56.13 1 0
github.com/modelpack/model-csi-driver/pkg/server/server.go:64.53,66.16 2 1
github.com/modelpack/model-csi-driver/pkg/server/server.go:66.16,68.3 1 0
github.com/modelpack/model-csi-driver/pkg/server/server.go:69.2,72.8 1 1
github.com/modelpack/model-csi-driver/pkg/server/server.go:75.50,77.2 1 0
github.com/modelpack/model-csi-driver/pkg/server/server.go:84.24,86.9 2 2
github.com/modelpack/model-csi-driver/pkg/server/server.go:86.9,88.3 1 0
github.com/modelpack/model-csi-driver/pkg/server/server.go:90.2,92.99 2 2
github.com/modelpack/model-csi-driver/pkg/server/server.go:92.99,94.3 1 0
github.com/modelpack/model-csi-driver/pkg/server/server.go:96.2,96.26 1 2
github.com/modelpack/model-csi-driver/pkg/server/server.go:99.54,102.55 2 1
github.com/modelpack/model-csi-driver/pkg/server/server.go:102.55,103.23 1 5
github.com/modelpack/model-csi-driver/pkg/server/server.go:103.23,105.18 2 5
github.com/modelpack/model-csi-driver/pkg/server/server.go:105.18,108.5 2 0
github.com/modelpack/model-csi-driver/pkg/server/server.go:109.4,109.14 1 2
github.com/modelpack/model-csi-driver/pkg/server/server.go:113.2,113.35 1 1
github.com/modelpack/model-csi-driver/pkg/server/server.go:113.35,114.75 1 1
github.com/modelpack/model-csi-driver/pkg/server/server.go:114.75,115.61 1 1
github.com/modelpack/model-csi-driver/pkg/server/server.go:115.61,118.5 2 0
github.com/modelpack/model-csi-driver/pkg/server/server.go:122.2,122.38 1 1
github.com/modelpack/model-csi-driver/pkg/server/server.go:122.38,123.37 1 1
github.com/modelpack/model-csi-driver/pkg/server/server.go:123.37,125.18 2 1
github.com/modelpack/model-csi-driver/pkg/server/server.go:125.18,127.5 1 0
github.com/modelpack/model-csi-driver/pkg/server/server.go:129.4,130.18 2 1
github.com/modelpack/model-csi-driver/pkg/server/server.go:130.18,132.5 1 0
github.com/modelpack/model-csi-driver/pkg/server/server.go:134.4,136.31 2 1
github.com/modelpack/model-csi-driver/pkg/server/server.go:140.2,140.36 1 1
github.com/modelpack/model-csi-driver/pkg/server/server.go:140.36,142.17 2 1
github.com/modelpack/model-csi-driver/pkg/server/server.go:142.17,144.4 1 0
github.com/modelpack/model-csi-driver/pkg/server/server.go:145.3,145.26 1 1
github.com/modelpack/model-csi-driver/pkg/server/server.go:145.26,146.72 1 1
github.com/modelpack/model-csi-driver/pkg/server/server.go:146.72,148.5 1 0
github.com/modelpack/model-csi-driver/pkg/server/server.go:151.3,151.69 1 1
github.com/modelpack/model-csi-driver/pkg/server/server.go:151.69,153.4 1 0
github.com/modelpack/model-csi-driver/pkg/server/server.go:155.3,155.73 1 1
github.com/modelpack/model-csi-driver/pkg/server/server.go:155.73,157.4 1 0
github.com/modelpack/model-csi-driver/pkg/server/server.go:159.3,159.59 1 1
github.com/modelpack/model-csi-driver/pkg/server/server.go:159.59,161.4 1 0
github.com/modelpack/model-csi-driver/pkg/server/server.go:163.3,163.81 1 1
github.com/modelpack/model-csi-driver/pkg/server/server.go:163.81,165.4 1 0
github.com/modelpack/model-csi-driver/pkg/server/server.go:167.3,168.17 2 1
github.com/modelpack/model-csi-driver/pkg/server/server.go:168.17,170.4 1 0
github.com/modelpack/model-csi-driver/pkg/server/server.go:172.3,176.13 3 1
github.com/modelpack/model-csi-driver/pkg/server/server.go:179.2,179.40 1 1
github.com/modelpack/model-csi-driver/pkg/server/server.go:179.40,180.37 1 1
github.com/modelpack/model-csi-driver/pkg/server/server.go:180.37,183.18 3 1
github.com/modelpack/model-csi-driver/pkg/server/server.go:183.18,185.5 1 0
github.com/modelpack/model-csi-driver/pkg/server/server.go:186.4,188.14 3 1
github.com/modelpack/model-csi-driver/pkg/server/server.go:191.3,191.62 1 1
github.com/modelpack/model-csi-driver/pkg/server/server.go:191.62,192.38 1 0
github.com/modelpack/model-csi-driver/pkg/server/server.go:192.38,195.19 3 0
github.com/modelpack/model-csi-driver/pkg/server/server.go:195.19,197.6 1 0
github.com/modelpack/model-csi-driver/pkg/server/server.go:198.5,200.15 3 0
github.com/modelpack/model-csi-driver/pkg/server/server.go:205.2,205.35 1 1
github.com/modelpack/model-csi-driver/pkg/server/server.go:205.35,206.49 1 1
github.com/modelpack/model-csi-driver/pkg/server/server.go:206.49,207.38 1 1
github.com/modelpack/model-csi-driver/pkg/server/server.go:207.38,209.19 2 1
github.com/modelpack/model-csi-driver/pkg/server/server.go:209.19,211.6 1 0
github.com/modelpack/model-csi-driver/pkg/server/server.go:213.5,215.19 3 1
github.com/modelpack/model-csi-driver/pkg/server/server.go:215.19,217.6 1 0
github.com/modelpack/model-csi-driver/pkg/server/server.go:218.5,228.33 6 1
github.com/modelpack/model-csi-driver/pkg/server/server.go:233.3,233.48 1 1
github.com/modelpack/model-csi-driver/pkg/server/server.go:233.48,234.38 1 1
github.com/modelpack/model-csi-driver/pkg/server/server.go:234.38,235.96 1 1
github.com/modelpack/model-csi-driver/pkg/server/server.go:235.96,237.6 1 0
github.com/modelpack/model-csi-driver/pkg/server/server.go:242.5,243.19 2 1
github.com/modelpack/model-csi-driver/pkg/server/server.go:243.19,245.6 1 0
github.com/modelpack/model-csi-driver/pkg/server/server.go:246.5,246.28 1 1
github.com/modelpack/model-csi-driver/pkg/server/server.go:246.28,248.20 2 1
github.com/modelpack/model-csi-driver/pkg/server/server.go:248.20,250.7 1 0
github.com/modelpack/model-csi-driver/pkg/server/server.go:253.5,253.15 1 1
github.com/modelpack/model-csi-driver/pkg/server/server.go:258.2,258.34 1 1
github.com/modelpack/model-csi-driver/pkg/server/server.go:258.34,260.3 1 0
github.com/modelpack/model-csi-driver/pkg/server/server.go:262.2,262.12 1 0
